{"C:\\Users\\mragh\\hackathons\\promt wars\\Attemp_2\\PROMTWARS\\src\\App.jsx": {"path":"C:\\Users\\mragh\\hackathons\\promt wars\\Attemp_2\\PROMTWARS\\src\\App.jsx","statementMap":{"0":{"start":{"line":12,"column":18},"end":{"line":12,"column":92}},"1":{"start":{"line":12,"column":29},"end":{"line":12,"column":91}},"2":{"start":{"line":12,"column":70},"end":{"line":12,"column":89}},"3":{"start":{"line":13,"column":18},"end":{"line":13,"column":94}},"4":{"start":{"line":13,"column":29},"end":{"line":13,"column":93}},"5":{"start":{"line":13,"column":71},"end":{"line":13,"column":91}},"6":{"start":{"line":14,"column":18},"end":{"line":14,"column":100}},"7":{"start":{"line":14,"column":29},"end":{"line":14,"column":99}},"8":{"start":{"line":14,"column":74},"end":{"line":14,"column":97}},"9":{"start":{"line":15,"column":18},"end":{"line":15,"column":104}},"10":{"start":{"line":15,"column":29},"end":{"line":15,"column":103}},"11":{"start":{"line":15,"column":76},"end":{"line":15,"column":101}},"12":{"start":{"line":16,"column":18},"end":{"line":16,"column":98}},"13":{"start":{"line":16,"column":29},"end":{"line":16,"column":97}},"14":{"start":{"line":16,"column":73},"end":{"line":16,"column":95}},"15":{"start":{"line":17,"column":18},"end":{"line":17,"column":92}},"16":{"start":{"line":17,"column":29},"end":{"line":17,"column":91}},"17":{"start":{"line":17,"column":70},"end":{"line":17,"column":89}},"18":{"start":{"line":18,"column":18},"end":{"line":18,"column":100}},"19":{"start":{"line":18,"column":29},"end":{"line":18,"column":99}},"20":{"start":{"line":18,"column":74},"end":{"line":18,"column":97}},"21":{"start":{"line":19,"column":18},"end":{"line":19,"column":90}},"22":{"start":{"line":19,"column":29},"end":{"line":19,"column":89}},"23":{"start":{"line":19,"column":69},"end":{"line":19,"column":87}},"24":{"start":{"line":23,"column":2},"end":{"line":23,"column":20}},"25":{"start":{"line":25,"column":2},"end":{"line":90,"column":4}}},"fnMap":{"0":{"name":"(anonymous_0)","decl":{"start":{"line":12,"column":23},"end":{"line":12,"column":24}},"loc":{"start":{"line":12,"column":29},"end":{"line":12,"column":91}},"line":12},"1":{"name":"(anonymous_1)","decl":{"start":{"line":12,"column":62},"end":{"line":12,"column":63}},"loc":{"start":{"line":12,"column":70},"end":{"line":12,"column":89}},"line":12},"2":{"name":"(anonymous_2)","decl":{"start":{"line":13,"column":23},"end":{"line":13,"column":24}},"loc":{"start":{"line":13,"column":29},"end":{"line":13,"column":93}},"line":13},"3":{"name":"(anonymous_3)","decl":{"start":{"line":13,"column":63},"end":{"line":13,"column":64}},"loc":{"start":{"line":13,"column":71},"end":{"line":13,"column":91}},"line":13},"4":{"name":"(anonymous_4)","decl":{"start":{"line":14,"column":23},"end":{"line":14,"column":24}},"loc":{"start":{"line":14,"column":29},"end":{"line":14,"column":99}},"line":14},"5":{"name":"(anonymous_5)","decl":{"start":{"line":14,"column":66},"end":{"line":14,"column":67}},"loc":{"start":{"line":14,"column":74},"end":{"line":14,"column":97}},"line":14},"6":{"name":"(anonymous_6)","decl":{"start":{"line":15,"column":23},"end":{"line":15,"column":24}},"loc":{"start":{"line":15,"column":29},"end":{"line":15,"column":103}},"line":15},"7":{"name":"(anonymous_7)","decl":{"start":{"line":15,"column":68},"end":{"line":15,"column":69}},"loc":{"start":{"line":15,"column":76},"end":{"line":15,"column":101}},"line":15},"8":{"name":"(anonymous_8)","decl":{"start":{"line":16,"column":23},"end":{"line":16,"column":24}},"loc":{"start":{"line":16,"column":29},"end":{"line":16,"column":97}},"line":16},"9":{"name":"(anonymous_9)","decl":{"start":{"line":16,"column":65},"end":{"line":16,"column":66}},"loc":{"start":{"line":16,"column":73},"end":{"line":16,"column":95}},"line":16},"10":{"name":"(anonymous_10)","decl":{"start":{"line":17,"column":23},"end":{"line":17,"column":24}},"loc":{"start":{"line":17,"column":29},"end":{"line":17,"column":91}},"line":17},"11":{"name":"(anonymous_11)","decl":{"start":{"line":17,"column":62},"end":{"line":17,"column":63}},"loc":{"start":{"line":17,"column":70},"end":{"line":17,"column":89}},"line":17},"12":{"name":"(anonymous_12)","decl":{"start":{"line":18,"column":23},"end":{"line":18,"column":24}},"loc":{"start":{"line":18,"column":29},"end":{"line":18,"column":99}},"line":18},"13":{"name":"(anonymous_13)","decl":{"start":{"line":18,"column":66},"end":{"line":18,"column":67}},"loc":{"start":{"line":18,"column":74},"end":{"line":18,"column":97}},"line":18},"14":{"name":"(anonymous_14)","decl":{"start":{"line":19,"column":23},"end":{"line":19,"column":24}},"loc":{"start":{"line":19,"column":29},"end":{"line":19,"column":89}},"line":19},"15":{"name":"(anonymous_15)","decl":{"start":{"line":19,"column":61},"end":{"line":19,"column":62}},"loc":{"start":{"line":19,"column":69},"end":{"line":19,"column":87}},"line":19},"16":{"name":"App","decl":{"start":{"line":22,"column":9},"end":{"line":22,"column":12}},"loc":{"start":{"line":22,"column":15},"end":{"line":91,"column":1}},"line":22}},"branchMap":{},"s":{"0":0,"1":0,"2":0,"3":0,"4":0,"5":0,"6":0,"7":0,"8":0,"9":0,"10":0,"11":0,"12":0,"13":0,"14":0,"15":0,"16":0,"17":0,"18":0,"19":0,"20":0,"21":0,"22":0,"23":0,"24":0,"25":0},"f":{"0":0,"1":0,"2":0,"3":0,"4":0,"5":0,"6":0,"7":0,"8":0,"9":0,"10":0,"11":0,"12":0,"13":0,"14":0,"15":0,"16":0},"b":{}}
,"C:\\Users\\mragh\\hackathons\\promt wars\\Attemp_2\\PROMTWARS\\src\\firebase.js": {"path":"C:\\Users\\mragh\\hackathons\\promt wars\\Attemp_2\\PROMTWARS\\src\\firebase.js","statementMap":{"0":{"start":{"line":6,"column":23},"end":{"line":14,"column":1}},"1":{"start":{"line":18,"column":2},"end":{"line":19,"column":42}},"2":{"start":{"line":21,"column":10},"end":{"line":21,"column":14}},"3":{"start":{"line":22,"column":9},"end":{"line":22,"column":13}},"4":{"start":{"line":23,"column":11},"end":{"line":23,"column":15}},"5":{"start":{"line":24,"column":16},"end":{"line":24,"column":20}},"6":{"start":{"line":26,"column":0},"end":{"line":38,"column":1}},"7":{"start":{"line":28,"column":2},"end":{"line":28,"column":78}},"8":{"start":{"line":29,"column":2},"end":{"line":29,"column":25}},"9":{"start":{"line":30,"column":2},"end":{"line":30,"column":22}},"10":{"start":{"line":33,"column":2},"end":{"line":37,"column":21}},"11":{"start":{"line":35,"column":6},"end":{"line":35,"column":45}},"12":{"start":{"line":35,"column":15},"end":{"line":35,"column":45}}},"fnMap":{"0":{"name":"(anonymous_0)","decl":{"start":{"line":34,"column":10},"end":{"line":34,"column":11}},"loc":{"start":{"line":34,"column":19},"end":{"line":36,"column":5}},"line":34},"1":{"name":"(anonymous_1)","decl":{"start":{"line":37,"column":11},"end":{"line":37,"column":12}},"loc":{"start":{"line":37,"column":17},"end":{"line":37,"column":19}},"line":37}},"branchMap":{"0":{"loc":{"start":{"line":18,"column":2},"end":{"line":19,"column":42}},"type":"binary-expr","locations":[{"start":{"line":18,"column":2},"end":{"line":18,"column":23}},{"start":{"line":19,"column":2},"end":{"line":19,"column":42}}],"line":18},"1":{"loc":{"start":{"line":26,"column":0},"end":{"line":38,"column":1}},"type":"if","locations":[{"start":{"line":26,"column":0},"end":{"line":38,"column":1}},{"start":{},"end":{}}],"line":26},"2":{"loc":{"start":{"line":28,"column":8},"end":{"line":28,"column":77}},"type":"cond-expr","locations":[{"start":{"line":28,"column":33},"end":{"line":28,"column":62}},{"start":{"line":28,"column":65},"end":{"line":28,"column":77}}],"line":28},"3":{"loc":{"start":{"line":35,"column":6},"end":{"line":35,"column":45}},"type":"if","locations":[{"start":{"line":35,"column":6},"end":{"line":35,"column":45}},{"start":{},"end":{}}],"line":35}},"s":{"0":0,"1":0,"2":0,"3":0,"4":0,"5":0,"6":0,"7":0,"8":0,"9":0,"10":0,"11":0,"12":0},"f":{"0":0,"1":0},"b":{"0":[0,0],"1":[0,0],"2":[0,0],"3":[0,0]}}
,"C:\\Users\\mragh\\hackathons\\promt wars\\Attemp_2\\PROMTWARS\\src\\setupTests.js": {"path":"C:\\Users\\mragh\\hackathons\\promt wars\\Attemp_2\\PROMTWARS\\src\\setupTests.js","statementMap":{"0":{"start":{"line":5,"column":0},"end":{"line":17,"column":3}},"1":{"start":{"line":7,"column":50},"end":{"line":16,"column":3}},"2":{"start":{"line":22,"column":4},"end":{"line":22,"column":29}},"3":{"start":{"line":28,"column":0},"end":{"line":28,"column":55}},"4":{"start":{"line":31,"column":0},"end":{"line":31,"column":39}}},"fnMap":{"0":{"name":"(anonymous_0)","decl":{"start":{"line":7,"column":38},"end":{"line":7,"column":39}},"loc":{"start":{"line":7,"column":50},"end":{"line":16,"column":3}},"line":7},"1":{"name":"(anonymous_1)","decl":{"start":{"line":21,"column":2},"end":{"line":21,"column":3}},"loc":{"start":{"line":21,"column":24},"end":{"line":23,"column":3}},"line":21},"2":{"name":"(anonymous_2)","decl":{"start":{"line":24,"column":2},"end":{"line":24,"column":3}},"loc":{"start":{"line":24,"column":12},"end":{"line":24,"column":14}},"line":24},"3":{"name":"(anonymous_3)","decl":{"start":{"line":25,"column":2},"end":{"line":25,"column":3}},"loc":{"start":{"line":25,"column":14},"end":{"line":25,"column":16}},"line":25},"4":{"name":"(anonymous_4)","decl":{"start":{"line":26,"column":2},"end":{"line":26,"column":3}},"loc":{"start":{"line":26,"column":15},"end":{"line":26,"column":17}},"line":26}},"branchMap":{},"s":{"0":0,"1":0,"2":0,"3":0,"4":0},"f":{"0":0,"1":0,"2":0,"3":0,"4":0},"b":{}}
,"C:\\Users\\mragh\\hackathons\\promt wars\\Attemp_2\\PROMTWARS\\src\\components\\CTA.jsx": {"path":"C:\\Users\\mragh\\hackathons\\promt wars\\Attemp_2\\PROMTWARS\\src\\components\\CTA.jsx","statementMap":{"0":{"start":{"line":3,"column":2},"end":{"line":33,"column":4}}},"fnMap":{"0":{"name":"CTA","decl":{"start":{"line":2,"column":9},"end":{"line":2,"column":12}},"loc":{"start":{"line":2,"column":15},"end":{"line":34,"column":1}},"line":2}},"branchMap":{},"s":{"0":0},"f":{"0":0},"b":{}}
,"C:\\Users\\mragh\\hackathons\\promt wars\\Attemp_2\\PROMTWARS\\src\\components\\ErrorBoundary.jsx": {"path":"C:\\Users\\mragh\\hackathons\\promt wars\\Attemp_2\\PROMTWARS\\src\\components\\ErrorBoundary.jsx","statementMap":{"0":{"start":{"line":9,"column":4},"end":{"line":9,"column":17}},"1":{"start":{"line":10,"column":4},"end":{"line":10,"column":55}},"2":{"start":{"line":14,"column":4},"end":{"line":14,"column":79}},"3":{"start":{"line":19,"column":4},"end":{"line":22,"column":5}},"4":{"start":{"line":21,"column":6},"end":{"line":21,"column":52}},"5":{"start":{"line":26,"column":4},"end":{"line":42,"column":5}},"6":{"start":{"line":27,"column":6},"end":{"line":41,"column":8}},"7":{"start":{"line":36,"column":27},"end":{"line":36,"column":79}},"8":{"start":{"line":43,"column":4},"end":{"line":43,"column":31}}},"fnMap":{"0":{"name":"(anonymous_0)","decl":{"start":{"line":8,"column":2},"end":{"line":8,"column":3}},"loc":{"start":{"line":8,"column":21},"end":{"line":11,"column":3}},"line":8},"1":{"name":"(anonymous_1)","decl":{"start":{"line":13,"column":2},"end":{"line":13,"column":3}},"loc":{"start":{"line":13,"column":41},"end":{"line":15,"column":3}},"line":13},"2":{"name":"(anonymous_2)","decl":{"start":{"line":17,"column":2},"end":{"line":17,"column":3}},"loc":{"start":{"line":17,"column":33},"end":{"line":23,"column":3}},"line":17},"3":{"name":"(anonymous_3)","decl":{"start":{"line":25,"column":2},"end":{"line":25,"column":3}},"loc":{"start":{"line":25,"column":11},"end":{"line":44,"column":3}},"line":25},"4":{"name":"(anonymous_4)","decl":{"start":{"line":36,"column":21},"end":{"line":36,"column":22}},"loc":{"start":{"line":36,"column":27},"end":{"line":36,"column":79}},"line":36}},"branchMap":{"0":{"loc":{"start":{"line":14,"column":43},"end":{"line":14,"column":76}},"type":"binary-expr","locations":[{"start":{"line":14,"column":43},"end":{"line":14,"column":57}},{"start":{"line":14,"column":61},"end":{"line":14,"column":76}}],"line":14},"1":{"loc":{"start":{"line":19,"column":4},"end":{"line":22,"column":5}},"type":"if","locations":[{"start":{"line":19,"column":4},"end":{"line":22,"column":5}},{"start":{},"end":{}}],"line":19},"2":{"loc":{"start":{"line":26,"column":4},"end":{"line":42,"column":5}},"type":"if","locations":[{"start":{"line":26,"column":4},"end":{"line":42,"column":5}},{"start":{},"end":{}}],"line":26}},"s":{"0":0,"1":0,"2":0,"3":0,"4":0,"5":0,"6":0,"7":0,"8":0},"f":{"0":0,"1":0,"2":0,"3":0,"4":0},"b":{"0":[0,0],"1":[0,0],"2":[0,0]}}
,"C:\\Users\\mragh\\hackathons\\promt wars\\Attemp_2\\PROMTWARS\\src\\components\\Footer.jsx": {"path":"C:\\Users\\mragh\\hackathons\\promt wars\\Attemp_2\\PROMTWARS\\src\\components\\Footer.jsx","statementMap":{"0":{"start":{"line":5,"column":2},"end":{"line":15,"column":4}}},"fnMap":{"0":{"name":"Footer","decl":{"start":{"line":4,"column":9},"end":{"line":4,"column":15}},"loc":{"start":{"line":4,"column":18},"end":{"line":16,"column":1}},"line":4}},"branchMap":{},"s":{"0":0},"f":{"0":0},"b":{}}
,"C:\\Users\\mragh\\hackathons\\promt wars\\Attemp_2\\PROMTWARS\\src\\components\\Glossary.jsx": {"path":"C:\\Users\\mragh\\hackathons\\promt wars\\Attemp_2\\PROMTWARS\\src\\components\\Glossary.jsx","statementMap":{"0":{"start":{"line":12,"column":40},"end":{"line":12,"column":52}},"1":{"start":{"line":13,"column":25},"end":{"line":13,"column":69}},"2":{"start":{"line":15,"column":29},"end":{"line":17,"column":8}},"3":{"start":{"line":16,"column":4},"end":{"line":16,"column":53}},"4":{"start":{"line":19,"column":24},"end":{"line":27,"column":22}},"5":{"start":{"line":20,"column":23},"end":{"line":20,"column":58}},"6":{"start":{"line":21,"column":4},"end":{"line":21,"column":42}},"7":{"start":{"line":21,"column":21},"end":{"line":21,"column":42}},"8":{"start":{"line":22,"column":4},"end":{"line":26,"column":6}},"9":{"start":{"line":24,"column":8},"end":{"line":25,"column":51}},"10":{"start":{"line":29,"column":2},"end":{"line":76,"column":4}},"11":{"start":{"line":65,"column":14},"end":{"line":68,"column":24}}},"fnMap":{"0":{"name":"Glossary","decl":{"start":{"line":11,"column":9},"end":{"line":11,"column":17}},"loc":{"start":{"line":11,"column":20},"end":{"line":77,"column":1}},"line":11},"1":{"name":"(anonymous_1)","decl":{"start":{"line":15,"column":41},"end":{"line":15,"column":42}},"loc":{"start":{"line":15,"column":52},"end":{"line":17,"column":3}},"line":15},"2":{"name":"(anonymous_2)","decl":{"start":{"line":19,"column":32},"end":{"line":19,"column":33}},"loc":{"start":{"line":19,"column":38},"end":{"line":27,"column":3}},"line":19},"3":{"name":"(anonymous_3)","decl":{"start":{"line":23,"column":6},"end":{"line":23,"column":7}},"loc":{"start":{"line":24,"column":8},"end":{"line":25,"column":51}},"line":24},"4":{"name":"(anonymous_4)","decl":{"start":{"line":64,"column":30},"end":{"line":64,"column":31}},"loc":{"start":{"line":65,"column":14},"end":{"line":68,"column":24}},"line":65}},"branchMap":{"0":{"loc":{"start":{"line":21,"column":4},"end":{"line":21,"column":42}},"type":"if","locations":[{"start":{"line":21,"column":4},"end":{"line":21,"column":42}},{"start":{},"end":{}}],"line":21},"1":{"loc":{"start":{"line":24,"column":8},"end":{"line":25,"column":51}},"type":"binary-expr","locations":[{"start":{"line":24,"column":8},"end":{"line":24,"column":52}},{"start":{"line":25,"column":8},"end":{"line":25,"column":51}}],"line":24},"2":{"loc":{"start":{"line":61,"column":53},"end":{"line":61,"column":90}},"type":"cond-expr","locations":[{"start":{"line":61,"column":82},"end":{"line":61,"column":85}},{"start":{"line":61,"column":88},"end":{"line":61,"column":90}}],"line":61},"3":{"loc":{"start":{"line":63,"column":11},"end":{"line":72,"column":11}},"type":"cond-expr","locations":[{"start":{"line":64,"column":12},"end":{"line":69,"column":14}},{"start":{"line":71,"column":12},"end":{"line":71,"column":73}}],"line":63}},"s":{"0":0,"1":0,"2":0,"3":0,"4":0,"5":0,"6":0,"7":0,"8":0,"9":0,"10":0,"11":0},"f":{"0":0,"1":0,"2":0,"3":0,"4":0},"b":{"0":[0,0],"1":[0,0],"2":[0,0],"3":[0,0]}}
,"C:\\Users\\mragh\\hackathons\\promt wars\\Attemp_2\\PROMTWARS\\src\\components\\GoogleTranslate.jsx": {"path":"C:\\Users\\mragh\\hackathons\\promt wars\\Attemp_2\\PROMTWARS\\src\\components\\GoogleTranslate.jsx","statementMap":{"0":{"start":{"line":11,"column":2},"end":{"line":54,"column":9}},"1":{"start":{"line":13,"column":4},"end":{"line":25,"column":6}},"2":{"start":{"line":14,"column":6},"end":{"line":14,"column":44}},"3":{"start":{"line":14,"column":37},"end":{"line":14,"column":44}},"4":{"start":{"line":15,"column":6},"end":{"line":24,"column":8}},"5":{"start":{"line":28,"column":4},"end":{"line":39,"column":6}},"6":{"start":{"line":29,"column":25},"end":{"line":37,"column":7}},"7":{"start":{"line":30,"column":23},"end":{"line":30,"column":90}},"8":{"start":{"line":31,"column":8},"end":{"line":36,"column":9}},"9":{"start":{"line":32,"column":10},"end":{"line":32,"column":38}},"10":{"start":{"line":33,"column":10},"end":{"line":33,"column":71}},"11":{"start":{"line":34,"column":15},"end":{"line":36,"column":9}},"12":{"start":{"line":35,"column":10},"end":{"line":35,"column":58}},"13":{"start":{"line":35,"column":27},"end":{"line":35,"column":51}},"14":{"start":{"line":38,"column":6},"end":{"line":38,"column":19}},"15":{"start":{"line":42,"column":4},"end":{"line":48,"column":5}},"16":{"start":{"line":43,"column":21},"end":{"line":43,"column":53}},"17":{"start":{"line":44,"column":6},"end":{"line":44,"column":33}},"18":{"start":{"line":45,"column":6},"end":{"line":45,"column":105}},"19":{"start":{"line":46,"column":6},"end":{"line":46,"column":26}},"20":{"start":{"line":47,"column":6},"end":{"line":47,"column":40}},"21":{"start":{"line":50,"column":4},"end":{"line":53,"column":6}},"22":{"start":{"line":51,"column":6},"end":{"line":51,"column":47}},"23":{"start":{"line":52,"column":6},"end":{"line":52,"column":45}},"24":{"start":{"line":56,"column":2},"end":{"line":69,"column":4}}},"fnMap":{"0":{"name":"GoogleTranslateInit","decl":{"start":{"line":10,"column":9},"end":{"line":10,"column":28}},"loc":{"start":{"line":10,"column":31},"end":{"line":70,"column":1}},"line":10},"1":{"name":"(anonymous_1)","decl":{"start":{"line":11,"column":12},"end":{"line":11,"column":13}},"loc":{"start":{"line":11,"column":18},"end":{"line":54,"column":3}},"line":11},"2":{"name":"(anonymous_2)","decl":{"start":{"line":13,"column":40},"end":{"line":13,"column":41}},"loc":{"start":{"line":13,"column":46},"end":{"line":25,"column":5}},"line":13},"3":{"name":"(anonymous_3)","decl":{"start":{"line":28,"column":38},"end":{"line":28,"column":39}},"loc":{"start":{"line":28,"column":56},"end":{"line":39,"column":5}},"line":28},"4":{"name":"(anonymous_4)","decl":{"start":{"line":29,"column":25},"end":{"line":29,"column":26}},"loc":{"start":{"line":29,"column":43},"end":{"line":37,"column":7}},"line":29},"5":{"name":"(anonymous_5)","decl":{"start":{"line":35,"column":21},"end":{"line":35,"column":22}},"loc":{"start":{"line":35,"column":27},"end":{"line":35,"column":51}},"line":35},"6":{"name":"(anonymous_6)","decl":{"start":{"line":50,"column":11},"end":{"line":50,"column":12}},"loc":{"start":{"line":50,"column":17},"end":{"line":53,"column":5}},"line":50}},"branchMap":{"0":{"loc":{"start":{"line":14,"column":6},"end":{"line":14,"column":44}},"type":"if","locations":[{"start":{"line":14,"column":6},"end":{"line":14,"column":44}},{"start":{},"end":{}}],"line":14},"1":{"loc":{"start":{"line":29,"column":26},"end":{"line":29,"column":38}},"type":"default-arg","locations":[{"start":{"line":29,"column":37},"end":{"line":29,"column":38}}],"line":29},"2":{"loc":{"start":{"line":31,"column":8},"end":{"line":36,"column":9}},"type":"if","locations":[{"start":{"line":31,"column":8},"end":{"line":36,"column":9}},{"start":{"line":34,"column":15},"end":{"line":36,"column":9}}],"line":31},"3":{"loc":{"start":{"line":34,"column":15},"end":{"line":36,"column":9}},"type":"if","locations":[{"start":{"line":34,"column":15},"end":{"line":36,"column":9}},{"start":{},"end":{}}],"line":34},"4":{"loc":{"start":{"line":42,"column":4},"end":{"line":48,"column":5}},"type":"if","locations":[{"start":{"line":42,"column":4},"end":{"line":48,"column":5}},{"start":{},"end":{}}],"line":42}},"s":{"0":0,"1":0,"2":0,"3":0,"4":0,"5":0,"6":0,"7":0,"8":0,"9":0,"10":0,"11":0,"12":0,"13":0,"14":0,"15":0,"16":0,"17":0,"18":0,"19":0,"20":0,"21":0,"22":0,"23":0,"24":0},"f":{"0":0,"1":0,"2":0,"3":0,"4":0,"5":0,"6":0},"b":{"0":[0,0],"1":[0],"2":[0,0],"3":[0,0],"4":[0,0]}}
,"C:\\Users\\mragh\\hackathons\\promt wars\\Attemp_2\\PROMTWARS\\src\\components\\HelpButton.jsx": {"path":"C:\\Users\\mragh\\hackathons\\promt wars\\Attemp_2\\PROMTWARS\\src\\components\\HelpButton.jsx","statementMap":{"0":{"start":{"line":4,"column":21},"end":{"line":11,"column":1}},"1":{"start":{"line":14,"column":19},"end":{"line":28,"column":2}},"2":{"start":{"line":15,"column":2},"end":{"line":27,"column":4}},"3":{"start":{"line":19,"column":21},"end":{"line":19,"column":37}},"4":{"start":{"line":30,"column":0},"end":{"line":30,"column":38}},"5":{"start":{"line":31,"column":0},"end":{"line":41,"column":2}},"6":{"start":{"line":45,"column":30},"end":{"line":45,"column":45}},"7":{"start":{"line":46,"column":23},"end":{"line":46,"column":35}},"8":{"start":{"line":49,"column":2},"end":{"line":64,"column":9}},"9":{"start":{"line":50,"column":31},"end":{"line":54,"column":5}},"10":{"start":{"line":51,"column":6},"end":{"line":53,"column":7}},"11":{"start":{"line":52,"column":8},"end":{"line":52,"column":25}},"12":{"start":{"line":55,"column":25},"end":{"line":57,"column":5}},"13":{"start":{"line":56,"column":6},"end":{"line":56,"column":51}},"14":{"start":{"line":56,"column":34},"end":{"line":56,"column":51}},"15":{"start":{"line":58,"column":4},"end":{"line":58,"column":63}},"16":{"start":{"line":59,"column":4},"end":{"line":59,"column":55}},"17":{"start":{"line":60,"column":4},"end":{"line":63,"column":6}},"18":{"start":{"line":61,"column":6},"end":{"line":61,"column":68}},"19":{"start":{"line":62,"column":6},"end":{"line":62,"column":60}},"20":{"start":{"line":66,"column":21},"end":{"line":69,"column":8}},"21":{"start":{"line":67,"column":4},"end":{"line":67,"column":50}},"22":{"start":{"line":68,"column":4},"end":{"line":68,"column":21}},"23":{"start":{"line":71,"column":23},"end":{"line":73,"column":8}},"24":{"start":{"line":72,"column":4},"end":{"line":72,"column":31}},"25":{"start":{"line":72,"column":24},"end":{"line":72,"column":29}},"26":{"start":{"line":75,"column":2},"end":{"line":109,"column":4}},"27":{"start":{"line":92,"column":12},"end":{"line":92,"column":80}}},"fnMap":{"0":{"name":"HelpOption","decl":{"start":{"line":14,"column":33},"end":{"line":14,"column":43}},"loc":{"start":{"line":14,"column":66},"end":{"line":28,"column":1}},"line":14},"1":{"name":"(anonymous_1)","decl":{"start":{"line":19,"column":15},"end":{"line":19,"column":16}},"loc":{"start":{"line":19,"column":21},"end":{"line":19,"column":37}},"line":19},"2":{"name":"HelpButton","decl":{"start":{"line":44,"column":9},"end":{"line":44,"column":19}},"loc":{"start":{"line":44,"column":22},"end":{"line":110,"column":1}},"line":44},"3":{"name":"(anonymous_3)","decl":{"start":{"line":49,"column":12},"end":{"line":49,"column":13}},"loc":{"start":{"line":49,"column":18},"end":{"line":64,"column":3}},"line":49},"4":{"name":"(anonymous_4)","decl":{"start":{"line":50,"column":31},"end":{"line":50,"column":32}},"loc":{"start":{"line":50,"column":42},"end":{"line":54,"column":5}},"line":50},"5":{"name":"(anonymous_5)","decl":{"start":{"line":55,"column":25},"end":{"line":55,"column":26}},"loc":{"start":{"line":55,"column":36},"end":{"line":57,"column":5}},"line":55},"6":{"name":"(anonymous_6)","decl":{"start":{"line":60,"column":11},"end":{"line":60,"column":12}},"loc":{"start":{"line":60,"column":17},"end":{"line":63,"column":5}},"line":60},"7":{"name":"(anonymous_7)","decl":{"start":{"line":66,"column":33},"end":{"line":66,"column":34}},"loc":{"start":{"line":66,"column":45},"end":{"line":69,"column":3}},"line":66},"8":{"name":"(anonymous_8)","decl":{"start":{"line":71,"column":35},"end":{"line":71,"column":36}},"loc":{"start":{"line":71,"column":41},"end":{"line":73,"column":3}},"line":71},"9":{"name":"(anonymous_9)","decl":{"start":{"line":72,"column":14},"end":{"line":72,"column":15}},"loc":{"start":{"line":72,"column":24},"end":{"line":72,"column":29}},"line":72},"10":{"name":"(anonymous_10)","decl":{"start":{"line":91,"column":28},"end":{"line":91,"column":29}},"loc":{"start":{"line":92,"column":12},"end":{"line":92,"column":80}},"line":92}},"branchMap":{"0":{"loc":{"start":{"line":51,"column":6},"end":{"line":53,"column":7}},"type":"if","locations":[{"start":{"line":51,"column":6},"end":{"line":53,"column":7}},{"start":{},"end":{}}],"line":51},"1":{"loc":{"start":{"line":51,"column":10},"end":{"line":51,"column":78}},"type":"binary-expr","locations":[{"start":{"line":51,"column":10},"end":{"line":51,"column":30}},{"start":{"line":51,"column":34},"end":{"line":51,"column":78}}],"line":51},"2":{"loc":{"start":{"line":56,"column":6},"end":{"line":56,"column":51}},"type":"if","locations":[{"start":{"line":56,"column":6},"end":{"line":56,"column":51}},{"start":{},"end":{}}],"line":56},"3":{"loc":{"start":{"line":82,"column":7},"end":{"line":95,"column":7}},"type":"binary-expr","locations":[{"start":{"line":82,"column":7},"end":{"line":82,"column":13}},{"start":{"line":83,"column":8},"end":{"line":94,"column":14}}],"line":82},"4":{"loc":{"start":{"line":99,"column":34},"end":{"line":99,"column":55}},"type":"cond-expr","locations":[{"start":{"line":99,"column":43},"end":{"line":99,"column":50}},{"start":{"line":99,"column":53},"end":{"line":99,"column":55}}],"line":99},"5":{"loc":{"start":{"line":100,"column":20},"end":{"line":100,"column":80}},"type":"cond-expr","locations":[{"start":{"line":100,"column":29},"end":{"line":100,"column":51}},{"start":{"line":100,"column":54},"end":{"line":100,"column":80}}],"line":100},"6":{"loc":{"start":{"line":105,"column":9},"end":{"line":105,"column":70}},"type":"binary-expr","locations":[{"start":{"line":105,"column":9},"end":{"line":105,"column":16}},{"start":{"line":105,"column":20},"end":{"line":105,"column":70}}],"line":105},"7":{"loc":{"start":{"line":106,"column":34},"end":{"line":106,"column":53}},"type":"cond-expr","locations":[{"start":{"line":106,"column":43},"end":{"line":106,"column":46}},{"start":{"line":106,"column":49},"end":{"line":106,"column":53}}],"line":106}},"s":{"0":0,"1":0,"2":0,"3":0,"4":0,"5":0,"6":0,"7":0,"8":0,"9":0,"10":0,"11":0,"12":0,"13":0,"14":0,"15":0,"16":0,"17":0,"18":0,"19":0,"20":0,"21":0,"22":0,"23":0,"24":0,"25":0,"26":0,"27":0},"f":{"0":0,"1":0,"2":0,"3":0,"4":0,"5":0,"6":0,"7":0,"8":0,"9":0,"10":0},"b":{"0":[0,0],"1":[0,0],"2":[0,0],"3":[0,0],"4":[0,0],"5":[0,0],"6":[0,0],"7":[0,0]}}
,"C:\\Users\\mragh\\hackathons\\promt wars\\Attemp_2\\PROMTWARS\\src\\components\\Hero.jsx": {"path":"C:\\Users\\mragh\\hackathons\\promt wars\\Attemp_2\\PROMTWARS\\src\\components\\Hero.jsx","statementMap":{"0":{"start":{"line":4,"column":17},"end":{"line":17,"column":2}},"1":{"start":{"line":5,"column":2},"end":{"line":16,"column":4}},"2":{"start":{"line":19,"column":0},"end":{"line":19,"column":34}},"3":{"start":{"line":24,"column":23},"end":{"line":32,"column":3}},"4":{"start":{"line":25,"column":46},"end":{"line":31,"column":5}},"5":{"start":{"line":34,"column":2},"end":{"line":71,"column":4}},"6":{"start":{"line":40,"column":10},"end":{"line":40,"column":54}}},"fnMap":{"0":{"name":"Particle","decl":{"start":{"line":4,"column":31},"end":{"line":4,"column":39}},"loc":{"start":{"line":4,"column":73},"end":{"line":17,"column":1}},"line":4},"1":{"name":"Hero","decl":{"start":{"line":22,"column":9},"end":{"line":22,"column":13}},"loc":{"start":{"line":22,"column":16},"end":{"line":72,"column":1}},"line":22},"2":{"name":"(anonymous_2)","decl":{"start":{"line":25,"column":31},"end":{"line":25,"column":32}},"loc":{"start":{"line":25,"column":46},"end":{"line":31,"column":5}},"line":25},"3":{"name":"(anonymous_3)","decl":{"start":{"line":39,"column":34},"end":{"line":39,"column":35}},"loc":{"start":{"line":40,"column":10},"end":{"line":40,"column":54}},"line":40}},"branchMap":{},"s":{"0":0,"1":0,"2":0,"3":0,"4":0,"5":0,"6":0},"f":{"0":0,"1":0,"2":0,"3":0},"b":{}}
,"C:\\Users\\mragh\\hackathons\\promt wars\\Attemp_2\\PROMTWARS\\src\\components\\HowItWorks.jsx": {"path":"C:\\Users\\mragh\\hackathons\\promt wars\\Attemp_2\\PROMTWARS\\src\\components\\HowItWorks.jsx","statementMap":{"0":{"start":{"line":6,"column":17},"end":{"line":15,"column":2}},"1":{"start":{"line":7,"column":2},"end":{"line":14,"column":4}},"2":{"start":{"line":17,"column":0},"end":{"line":17,"column":34}},"3":{"start":{"line":18,"column":0},"end":{"line":23,"column":2}},"4":{"start":{"line":27,"column":2},"end":{"line":46,"column":4}},"5":{"start":{"line":41,"column":12},"end":{"line":41,"column":49}}},"fnMap":{"0":{"name":"StepCard","decl":{"start":{"line":6,"column":31},"end":{"line":6,"column":39}},"loc":{"start":{"line":6,"column":68},"end":{"line":15,"column":1}},"line":6},"1":{"name":"HowItWorks","decl":{"start":{"line":26,"column":9},"end":{"line":26,"column":19}},"loc":{"start":{"line":26,"column":22},"end":{"line":47,"column":1}},"line":26},"2":{"name":"(anonymous_2)","decl":{"start":{"line":40,"column":21},"end":{"line":40,"column":22}},"loc":{"start":{"line":41,"column":12},"end":{"line":41,"column":49}},"line":41}},"branchMap":{},"s":{"0":0,"1":0,"2":0,"3":0,"4":0,"5":0},"f":{"0":0,"1":0,"2":0},"b":{}}
,"C:\\Users\\mragh\\hackathons\\promt wars\\Attemp_2\\PROMTWARS\\src\\components\\LoadingSpinner.jsx": {"path":"C:\\Users\\mragh\\hackathons\\promt wars\\Attemp_2\\PROMTWARS\\src\\components\\LoadingSpinner.jsx","statementMap":{"0":{"start":{"line":8,"column":2},"end":{"line":18,"column":4}}},"fnMap":{"0":{"name":"LoadingSpinner","decl":{"start":{"line":7,"column":9},"end":{"line":7,"column":23}},"loc":{"start":{"line":7,"column":48},"end":{"line":19,"column":1}},"line":7}},"branchMap":{"0":{"loc":{"start":{"line":7,"column":26},"end":{"line":7,"column":44}},"type":"default-arg","locations":[{"start":{"line":7,"column":34},"end":{"line":7,"column":44}}],"line":7}},"s":{"0":0},"f":{"0":0},"b":{"0":[0]}}
,"C:\\Users\\mragh\\hackathons\\promt wars\\Attemp_2\\PROMTWARS\\src\\components\\Navbar.jsx": {"path":"C:\\Users\\mragh\\hackathons\\promt wars\\Attemp_2\\PROMTWARS\\src\\components\\Navbar.jsx","statementMap":{"0":{"start":{"line":11,"column":18},"end":{"line":29,"column":2}},"1":{"start":{"line":12,"column":2},"end":{"line":28,"column":4}},"2":{"start":{"line":31,"column":0},"end":{"line":31,"column":36}},"3":{"start":{"line":34,"column":24},"end":{"line":44,"column":2}},"4":{"start":{"line":35,"column":2},"end":{"line":43,"column":4}},"5":{"start":{"line":46,"column":0},"end":{"line":46,"column":48}},"6":{"start":{"line":55,"column":30},"end":{"line":55,"column":45}},"7":{"start":{"line":56,"column":42},"end":{"line":56,"column":86}},"8":{"start":{"line":58,"column":27},"end":{"line":58,"column":89}},"9":{"start":{"line":58,"column":49},"end":{"line":58,"column":72}},"10":{"start":{"line":60,"column":31},"end":{"line":72,"column":23}},"11":{"start":{"line":61,"column":4},"end":{"line":61,"column":35}},"12":{"start":{"line":62,"column":4},"end":{"line":62,"column":21}},"13":{"start":{"line":63,"column":4},"end":{"line":63,"column":50}},"14":{"start":{"line":65,"column":4},"end":{"line":71,"column":5}},"15":{"start":{"line":67,"column":25},"end":{"line":67,"column":85}},"16":{"start":{"line":68,"column":6},"end":{"line":68,"column":41}},"17":{"start":{"line":68,"column":22},"end":{"line":68,"column":41}},"18":{"start":{"line":70,"column":6},"end":{"line":70,"column":57}},"19":{"start":{"line":74,"column":23},"end":{"line":76,"column":8}},"20":{"start":{"line":75,"column":4},"end":{"line":75,"column":31}},"21":{"start":{"line":75,"column":24},"end":{"line":75,"column":29}},"22":{"start":{"line":78,"column":24},"end":{"line":80,"column":8}},"23":{"start":{"line":79,"column":4},"end":{"line":79,"column":49}},"24":{"start":{"line":79,"column":32},"end":{"line":79,"column":49}},"25":{"start":{"line":82,"column":2},"end":{"line":131,"column":4}},"26":{"start":{"line":111,"column":12},"end":{"line":126,"column":21}},"27":{"start":{"line":117,"column":29},"end":{"line":117,"column":59}},"28":{"start":{"line":137,"column":16},"end":{"line":151,"column":2}},"29":{"start":{"line":138,"column":2},"end":{"line":150,"column":4}},"30":{"start":{"line":153,"column":0},"end":{"line":153,"column":32}},"31":{"start":{"line":154,"column":0},"end":{"line":161,"column":2}},"32":{"start":{"line":167,"column":38},"end":{"line":167,"column":53}},"33":{"start":{"line":168,"column":24},"end":{"line":168,"column":42}},"34":{"start":{"line":170,"column":20},"end":{"line":170,"column":63}},"35":{"start":{"line":170,"column":38},"end":{"line":170,"column":58}},"36":{"start":{"line":171,"column":21},"end":{"line":171,"column":74}},"37":{"start":{"line":171,"column":39},"end":{"line":171,"column":69}},"38":{"start":{"line":171,"column":63},"end":{"line":171,"column":68}},"39":{"start":{"line":173,"column":2},"end":{"line":212,"column":4}},"40":{"start":{"line":200,"column":12},"end":{"line":205,"column":14}}},"fnMap":{"0":{"name":"GlobeIcon","decl":{"start":{"line":11,"column":32},"end":{"line":11,"column":41}},"loc":{"start":{"line":11,"column":44},"end":{"line":29,"column":1}},"line":11},"1":{"name":"ChevronDownIcon","decl":{"start":{"line":34,"column":38},"end":{"line":34,"column":53}},"loc":{"start":{"line":34,"column":56},"end":{"line":44,"column":1}},"line":34},"2":{"name":"LanguageSwitcher","decl":{"start":{"line":54,"column":9},"end":{"line":54,"column":25}},"loc":{"start":{"line":54,"column":28},"end":{"line":132,"column":1}},"line":54},"3":{"name":"(anonymous_3)","decl":{"start":{"line":58,"column":42},"end":{"line":58,"column":43}},"loc":{"start":{"line":58,"column":49},"end":{"line":58,"column":72}},"line":58},"4":{"name":"(anonymous_4)","decl":{"start":{"line":60,"column":43},"end":{"line":60,"column":44}},"loc":{"start":{"line":60,"column":57},"end":{"line":72,"column":3}},"line":60},"5":{"name":"(anonymous_5)","decl":{"start":{"line":74,"column":35},"end":{"line":74,"column":36}},"loc":{"start":{"line":74,"column":41},"end":{"line":76,"column":3}},"line":74},"6":{"name":"(anonymous_6)","decl":{"start":{"line":75,"column":14},"end":{"line":75,"column":15}},"loc":{"start":{"line":75,"column":24},"end":{"line":75,"column":29}},"line":75},"7":{"name":"(anonymous_7)","decl":{"start":{"line":78,"column":36},"end":{"line":78,"column":37}},"loc":{"start":{"line":78,"column":47},"end":{"line":80,"column":3}},"line":78},"8":{"name":"(anonymous_8)","decl":{"start":{"line":110,"column":25},"end":{"line":110,"column":26}},"loc":{"start":{"line":111,"column":12},"end":{"line":126,"column":21}},"line":111},"9":{"name":"(anonymous_9)","decl":{"start":{"line":117,"column":23},"end":{"line":117,"column":24}},"loc":{"start":{"line":117,"column":29},"end":{"line":117,"column":59}},"line":117},"10":{"name":"NavLink","decl":{"start":{"line":137,"column":30},"end":{"line":137,"column":37}},"loc":{"start":{"line":137,"column":96},"end":{"line":151,"column":1}},"line":137},"11":{"name":"Navbar","decl":{"start":{"line":166,"column":9},"end":{"line":166,"column":15}},"loc":{"start":{"line":166,"column":18},"end":{"line":213,"column":1}},"line":166},"12":{"name":"(anonymous_12)","decl":{"start":{"line":170,"column":32},"end":{"line":170,"column":33}},"loc":{"start":{"line":170,"column":38},"end":{"line":170,"column":58}},"line":170},"13":{"name":"(anonymous_13)","decl":{"start":{"line":171,"column":33},"end":{"line":171,"column":34}},"loc":{"start":{"line":171,"column":39},"end":{"line":171,"column":69}},"line":171},"14":{"name":"(anonymous_14)","decl":{"start":{"line":171,"column":53},"end":{"line":171,"column":54}},"loc":{"start":{"line":171,"column":63},"end":{"line":171,"column":68}},"line":171},"15":{"name":"(anonymous_15)","decl":{"start":{"line":199,"column":25},"end":{"line":199,"column":26}},"loc":{"start":{"line":200,"column":12},"end":{"line":205,"column":14}},"line":200}},"branchMap":{"0":{"loc":{"start":{"line":58,"column":27},"end":{"line":58,"column":89}},"type":"binary-expr","locations":[{"start":{"line":58,"column":27},"end":{"line":58,"column":73}},{"start":{"line":58,"column":77},"end":{"line":58,"column":89}}],"line":58},"1":{"loc":{"start":{"line":65,"column":4},"end":{"line":71,"column":5}},"type":"if","locations":[{"start":{"line":65,"column":4},"end":{"line":71,"column":5}},{"start":{"line":69,"column":11},"end":{"line":71,"column":5}}],"line":65},"2":{"loc":{"start":{"line":68,"column":6},"end":{"line":68,"column":41}},"type":"if","locations":[{"start":{"line":68,"column":6},"end":{"line":68,"column":41}},{"start":{},"end":{}}],"line":68},"3":{"loc":{"start":{"line":79,"column":4},"end":{"line":79,"column":49}},"type":"if","locations":[{"start":{"line":79,"column":4},"end":{"line":79,"column":49}},{"start":{},"end":{}}],"line":79},"4":{"loc":{"start":{"line":86,"column":30},"end":{"line":86,"column":51}},"type":"cond-expr","locations":[{"start":{"line":86,"column":39},"end":{"line":86,"column":46}},{"start":{"line":86,"column":49},"end":{"line":86,"column":51}}],"line":86},"5":{"loc":{"start":{"line":99,"column":7},"end":{"line":129,"column":7}},"type":"binary-expr","locations":[{"start":{"line":99,"column":7},"end":{"line":99,"column":13}},{"start":{"line":100,"column":8},"end":{"line":128,"column":14}}],"line":99},"6":{"loc":{"start":{"line":114,"column":39},"end":{"line":114,"column":95}},"type":"cond-expr","locations":[{"start":{"line":114,"column":81},"end":{"line":114,"column":90}},{"start":{"line":114,"column":93},"end":{"line":114,"column":95}}],"line":114},"7":{"loc":{"start":{"line":121,"column":15},"end":{"line":125,"column":15}},"type":"binary-expr","locations":[{"start":{"line":121,"column":15},"end":{"line":121,"column":54}},{"start":{"line":122,"column":16},"end":{"line":124,"column":23}}],"line":121},"8":{"loc":{"start":{"line":143,"column":22},"end":{"line":143,"column":70}},"type":"cond-expr","locations":[{"start":{"line":143,"column":52},"end":{"line":143,"column":58}},{"start":{"line":143,"column":61},"end":{"line":143,"column":70}}],"line":143},"9":{"loc":{"start":{"line":144,"column":19},"end":{"line":144,"column":62}},"type":"cond-expr","locations":[{"start":{"line":144,"column":49},"end":{"line":144,"column":57}},{"start":{"line":144,"column":60},"end":{"line":144,"column":62}}],"line":144},"10":{"loc":{"start":{"line":191,"column":11},"end":{"line":191,"column":33}},"type":"cond-expr","locations":[{"start":{"line":191,"column":24},"end":{"line":191,"column":27}},{"start":{"line":191,"column":30},"end":{"line":191,"column":33}}],"line":191},"11":{"loc":{"start":{"line":195,"column":33},"end":{"line":195,"column":58}},"type":"cond-expr","locations":[{"start":{"line":195,"column":46},"end":{"line":195,"column":53}},{"start":{"line":195,"column":56},"end":{"line":195,"column":58}}],"line":195}},"s":{"0":0,"1":0,"2":0,"3":0,"4":0,"5":0,"6":0,"7":0,"8":0,"9":0,"10":0,"11":0,"12":0,"13":0,"14":0,"15":0,"16":0,"17":0,"18":0,"19":0,"20":0,"21":0,"22":0,"23":0,"24":0,"25":0,"26":0,"27":0,"28":0,"29":0,"30":0,"31":0,"32":0,"33":0,"34":0,"35":0,"36":0,"37":0,"38":0,"39":0,"40":0},"f":{"0":0,"1":0,"2":0,"3":0,"4":0,"5":0,"6":0,"7":0,"8":0,"9":0,"10":0,"11":0,"12":0,"13":0,"14":0,"15":0},"b":{"0":[0,0],"1":[0,0],"2":[0,0],"3":[0,0],"4":[0,0],"5":[0,0],"6":[0,0],"7":[0,0],"8":[0,0],"9":[0,0],"10":[0,0],"11":[0,0]}}
,"C:\\Users\\mragh\\hackathons\\promt wars\\Attemp_2\\PROMTWARS\\src\\components\\PollMap.jsx": {"path":"C:\\Users\\mragh\\hackathons\\promt wars\\Attemp_2\\PROMTWARS\\src\\components\\PollMap.jsx","statementMap":{"0":{"start":{"line":14,"column":2},"end":{"line":14,"column":76}},"1":{"start":{"line":20,"column":20},"end":{"line":49,"column":1}},"2":{"start":{"line":21,"column":2},"end":{"line":23,"column":3}},"3":{"start":{"line":22,"column":4},"end":{"line":22,"column":98}},"4":{"start":{"line":25,"column":26},"end":{"line":25,"column":61}},"5":{"start":{"line":27,"column":2},"end":{"line":48,"column":4}},"6":{"start":{"line":51,"column":0},"end":{"line":58,"column":2}},"7":{"start":{"line":60,"column":0},"end":{"line":63,"column":2}},"8":{"start":{"line":68,"column":20},"end":{"line":90,"column":1}},"9":{"start":{"line":69,"column":2},"end":{"line":89,"column":4}},"10":{"start":{"line":72,"column":21},"end":{"line":72,"column":38}},"11":{"start":{"line":92,"column":0},"end":{"line":103,"column":2}},"12":{"start":{"line":108,"column":20},"end":{"line":122,"column":1}},"13":{"start":{"line":109,"column":2},"end":{"line":121,"column":4}},"14":{"start":{"line":113,"column":8},"end":{"line":118,"column":10}},"15":{"start":{"line":124,"column":0},"end":{"line":128,"column":2}},"16":{"start":{"line":130,"column":0},"end":{"line":130,"column":48}},"17":{"start":{"line":135,"column":17},"end":{"line":168,"column":1}},"18":{"start":{"line":136,"column":2},"end":{"line":167,"column":4}},"19":{"start":{"line":170,"column":0},"end":{"line":178,"column":2}},"20":{"start":{"line":183,"column":23},"end":{"line":199,"column":1}},"21":{"start":{"line":184,"column":2},"end":{"line":198,"column":4}},"22":{"start":{"line":201,"column":0},"end":{"line":203,"column":2}},"23":{"start":{"line":205,"column":0},"end":{"line":205,"column":53}},"24":{"start":{"line":211,"column":42},"end":{"line":211,"column":58}},"25":{"start":{"line":213,"column":33},"end":{"line":213,"column":45}},"26":{"start":{"line":214,"column":33},"end":{"line":214,"column":45}},"27":{"start":{"line":215,"column":33},"end":{"line":215,"column":43}},"28":{"start":{"line":216,"column":33},"end":{"line":216,"column":45}},"29":{"start":{"line":218,"column":46},"end":{"line":218,"column":60}},"30":{"start":{"line":219,"column":46},"end":{"line":219,"column":58}},"31":{"start":{"line":220,"column":46},"end":{"line":220,"column":58}},"32":{"start":{"line":221,"column":48},"end":{"line":221,"column":62}},"33":{"start":{"line":224,"column":2},"end":{"line":238,"column":21}},"34":{"start":{"line":225,"column":4},"end":{"line":225,"column":30}},"35":{"start":{"line":225,"column":23},"end":{"line":225,"column":30}},"36":{"start":{"line":227,"column":4},"end":{"line":229,"column":23}},"37":{"start":{"line":231,"column":4},"end":{"line":233,"column":53}},"38":{"start":{"line":233,"column":19},"end":{"line":233,"column":51}},"39":{"start":{"line":235,"column":18},"end":{"line":235,"column":52}},"40":{"start":{"line":236,"column":4},"end":{"line":236,"column":23}},"41":{"start":{"line":237,"column":4},"end":{"line":237,"column":41}},"42":{"start":{"line":241,"column":2},"end":{"line":324,"column":31}},"43":{"start":{"line":242,"column":4},"end":{"line":242,"column":69}},"44":{"start":{"line":242,"column":62},"end":{"line":242,"column":69}},"45":{"start":{"line":244,"column":19},"end":{"line":248,"column":6}},"46":{"start":{"line":250,"column":4},"end":{"line":323,"column":7}},"47":{"start":{"line":251,"column":6},"end":{"line":267,"column":7}},"48":{"start":{"line":252,"column":8},"end":{"line":260,"column":11}},"49":{"start":{"line":262,"column":8},"end":{"line":265,"column":11}},"50":{"start":{"line":266,"column":8},"end":{"line":266,"column":67}},"51":{"start":{"line":270,"column":6},"end":{"line":270,"column":56}},"52":{"start":{"line":270,"column":40},"end":{"line":270,"column":54}},"53":{"start":{"line":271,"column":6},"end":{"line":271,"column":30}},"54":{"start":{"line":274,"column":25},"end":{"line":287,"column":8}},"55":{"start":{"line":288,"column":6},"end":{"line":288,"column":42}},"56":{"start":{"line":291,"column":6},"end":{"line":322,"column":9}},"57":{"start":{"line":292,"column":23},"end":{"line":305,"column":10}},"58":{"start":{"line":307,"column":27},"end":{"line":314,"column":10}},"59":{"start":{"line":316,"column":8},"end":{"line":319,"column":11}},"60":{"start":{"line":317,"column":10},"end":{"line":317,"column":56}},"61":{"start":{"line":318,"column":10},"end":{"line":318,"column":38}},"62":{"start":{"line":321,"column":8},"end":{"line":321,"column":40}},"63":{"start":{"line":327,"column":2},"end":{"line":346,"column":38}},"64":{"start":{"line":328,"column":4},"end":{"line":328,"column":95}},"65":{"start":{"line":328,"column":88},"end":{"line":328,"column":95}},"66":{"start":{"line":330,"column":19},"end":{"line":330,"column":74}},"67":{"start":{"line":331,"column":4},"end":{"line":345,"column":7}},"68":{"start":{"line":332,"column":32},"end":{"line":332,"column":67}},"69":{"start":{"line":333,"column":6},"end":{"line":344,"column":8}},"70":{"start":{"line":340,"column":10},"end":{"line":342,"column":11}},"71":{"start":{"line":341,"column":12},"end":{"line":341,"column":65}},"72":{"start":{"line":349,"column":30},"end":{"line":355,"column":8}},"73":{"start":{"line":350,"column":4},"end":{"line":350,"column":32}},"74":{"start":{"line":351,"column":4},"end":{"line":354,"column":5}},"75":{"start":{"line":352,"column":6},"end":{"line":352,"column":73}},"76":{"start":{"line":353,"column":6},"end":{"line":353,"column":39}},"77":{"start":{"line":358,"column":28},"end":{"line":361,"column":3}},"78":{"start":{"line":359,"column":10},"end":{"line":359,"column":94}},"79":{"start":{"line":363,"column":2},"end":{"line":466,"column":4}}},"fnMap":{"0":{"name":"getWeatherInfo","decl":{"start":{"line":13,"column":9},"end":{"line":13,"column":23}},"loc":{"start":{"line":13,"column":37},"end":{"line":15,"column":1}},"line":13},"1":{"name":"WeatherCard","decl":{"start":{"line":20,"column":29},"end":{"line":20,"column":40}},"loc":{"start":{"line":20,"column":68},"end":{"line":49,"column":1}},"line":20},"2":{"name":"StationItem","decl":{"start":{"line":68,"column":29},"end":{"line":68,"column":40}},"loc":{"start":{"line":68,"column":76},"end":{"line":90,"column":1}},"line":68},"3":{"name":"(anonymous_3)","decl":{"start":{"line":72,"column":15},"end":{"line":72,"column":16}},"loc":{"start":{"line":72,"column":21},"end":{"line":72,"column":38}},"line":72},"4":{"name":"StationList","decl":{"start":{"line":108,"column":29},"end":{"line":108,"column":40}},"loc":{"start":{"line":108,"column":77},"end":{"line":122,"column":1}},"line":108},"5":{"name":"(anonymous_5)","decl":{"start":{"line":112,"column":20},"end":{"line":112,"column":21}},"loc":{"start":{"line":113,"column":8},"end":{"line":118,"column":10}},"line":113},"6":{"name":"TripCard","decl":{"start":{"line":135,"column":26},"end":{"line":135,"column":34}},"loc":{"start":{"line":135,"column":48},"end":{"line":168,"column":1}},"line":135},"7":{"name":"MapPlaceholder","decl":{"start":{"line":183,"column":32},"end":{"line":183,"column":46}},"loc":{"start":{"line":183,"column":65},"end":{"line":199,"column":1}},"line":183},"8":{"name":"PollMap","decl":{"start":{"line":210,"column":9},"end":{"line":210,"column":16}},"loc":{"start":{"line":210,"column":19},"end":{"line":467,"column":1}},"line":210},"9":{"name":"(anonymous_9)","decl":{"start":{"line":224,"column":12},"end":{"line":224,"column":13}},"loc":{"start":{"line":224,"column":18},"end":{"line":238,"column":3}},"line":224},"10":{"name":"(anonymous_10)","decl":{"start":{"line":229,"column":13},"end":{"line":229,"column":14}},"loc":{"start":{"line":229,"column":19},"end":{"line":229,"column":21}},"line":229},"11":{"name":"(anonymous_11)","decl":{"start":{"line":233,"column":13},"end":{"line":233,"column":14}},"loc":{"start":{"line":233,"column":19},"end":{"line":233,"column":51}},"line":233},"12":{"name":"(anonymous_12)","decl":{"start":{"line":241,"column":12},"end":{"line":241,"column":13}},"loc":{"start":{"line":241,"column":18},"end":{"line":324,"column":3}},"line":241},"13":{"name":"(anonymous_13)","decl":{"start":{"line":250,"column":23},"end":{"line":250,"column":24}},"loc":{"start":{"line":250,"column":35},"end":{"line":323,"column":5}},"line":250},"14":{"name":"(anonymous_14)","decl":{"start":{"line":270,"column":33},"end":{"line":270,"column":34}},"loc":{"start":{"line":270,"column":40},"end":{"line":270,"column":54}},"line":270},"15":{"name":"(anonymous_15)","decl":{"start":{"line":291,"column":23},"end":{"line":291,"column":24}},"loc":{"start":{"line":291,"column":43},"end":{"line":322,"column":7}},"line":291},"16":{"name":"(anonymous_16)","decl":{"start":{"line":316,"column":36},"end":{"line":316,"column":37}},"loc":{"start":{"line":316,"column":42},"end":{"line":319,"column":9}},"line":316},"17":{"name":"(anonymous_17)","decl":{"start":{"line":327,"column":12},"end":{"line":327,"column":13}},"loc":{"start":{"line":327,"column":18},"end":{"line":346,"column":3}},"line":327},"18":{"name":"(anonymous_18)","decl":{"start":{"line":331,"column":23},"end":{"line":331,"column":24}},"loc":{"start":{"line":331,"column":35},"end":{"line":345,"column":5}},"line":331},"19":{"name":"(anonymous_19)","decl":{"start":{"line":339,"column":8},"end":{"line":339,"column":9}},"loc":{"start":{"line":339,"column":28},"end":{"line":343,"column":9}},"line":339},"20":{"name":"(anonymous_20)","decl":{"start":{"line":349,"column":42},"end":{"line":349,"column":43}},"loc":{"start":{"line":349,"column":55},"end":{"line":355,"column":3}},"line":349},"21":{"name":"(anonymous_21)","decl":{"start":{"line":359,"column":4},"end":{"line":359,"column":5}},"loc":{"start":{"line":359,"column":10},"end":{"line":359,"column":94}},"line":359}},"branchMap":{"0":{"loc":{"start":{"line":14,"column":9},"end":{"line":14,"column":75}},"type":"binary-expr","locations":[{"start":{"line":14,"column":9},"end":{"line":14,"column":38}},{"start":{"line":14,"column":42},"end":{"line":14,"column":75}}],"line":14},"1":{"loc":{"start":{"line":21,"column":2},"end":{"line":23,"column":3}},"type":"if","locations":[{"start":{"line":21,"column":2},"end":{"line":23,"column":3}},{"start":{},"end":{}}],"line":21},"2":{"loc":{"start":{"line":36,"column":39},"end":{"line":36,"column":70}},"type":"binary-expr","locations":[{"start":{"line":36,"column":39},"end":{"line":36,"column":51}},{"start":{"line":36,"column":55},"end":{"line":36,"column":70}}],"line":36},"3":{"loc":{"start":{"line":71,"column":32},"end":{"line":71,"column":61}},"type":"cond-expr","locations":[{"start":{"line":71,"column":45},"end":{"line":71,"column":56}},{"start":{"line":71,"column":59},"end":{"line":71,"column":61}}],"line":71},"4":{"loc":{"start":{"line":192,"column":7},"end":{"line":196,"column":7}},"type":"binary-expr","locations":[{"start":{"line":192,"column":7},"end":{"line":192,"column":19}},{"start":{"line":193,"column":8},"end":{"line":195,"column":12}}],"line":192},"5":{"loc":{"start":{"line":225,"column":4},"end":{"line":225,"column":30}},"type":"if","locations":[{"start":{"line":225,"column":4},"end":{"line":225,"column":30}},{"start":{},"end":{}}],"line":225},"6":{"loc":{"start":{"line":237,"column":23},"end":{"line":237,"column":39}},"type":"binary-expr","locations":[{"start":{"line":237,"column":23},"end":{"line":237,"column":31}},{"start":{"line":237,"column":35},"end":{"line":237,"column":39}}],"line":237},"7":{"loc":{"start":{"line":242,"column":4},"end":{"line":242,"column":69}},"type":"if","locations":[{"start":{"line":242,"column":4},"end":{"line":242,"column":69}},{"start":{},"end":{}}],"line":242},"8":{"loc":{"start":{"line":242,"column":8},"end":{"line":242,"column":60}},"type":"binary-expr","locations":[{"start":{"line":242,"column":8},"end":{"line":242,"column":21}},{"start":{"line":242,"column":25},"end":{"line":242,"column":40}},{"start":{"line":242,"column":44},"end":{"line":242,"column":60}}],"line":242},"9":{"loc":{"start":{"line":251,"column":6},"end":{"line":267,"column":7}},"type":"if","locations":[{"start":{"line":251,"column":6},"end":{"line":267,"column":7}},{"start":{},"end":{}}],"line":251},"10":{"loc":{"start":{"line":299,"column":25},"end":{"line":299,"column":60}},"type":"cond-expr","locations":[{"start":{"line":299,"column":39},"end":{"line":299,"column":48}},{"start":{"line":299,"column":51},"end":{"line":299,"column":60}}],"line":299},"11":{"loc":{"start":{"line":328,"column":4},"end":{"line":328,"column":95}},"type":"if","locations":[{"start":{"line":328,"column":4},"end":{"line":328,"column":95}},{"start":{},"end":{}}],"line":328},"12":{"loc":{"start":{"line":328,"column":8},"end":{"line":328,"column":86}},"type":"binary-expr","locations":[{"start":{"line":328,"column":8},"end":{"line":328,"column":24}},{"start":{"line":328,"column":28},"end":{"line":328,"column":49}},{"start":{"line":328,"column":53},"end":{"line":328,"column":69}},{"start":{"line":328,"column":73},"end":{"line":328,"column":86}}],"line":328},"13":{"loc":{"start":{"line":340,"column":10},"end":{"line":342,"column":11}},"type":"if","locations":[{"start":{"line":340,"column":10},"end":{"line":342,"column":11}},{"start":{},"end":{}}],"line":340},"14":{"loc":{"start":{"line":351,"column":4},"end":{"line":354,"column":5}},"type":"if","locations":[{"start":{"line":351,"column":4},"end":{"line":354,"column":5}},{"start":{},"end":{}}],"line":351},"15":{"loc":{"start":{"line":359,"column":47},"end":{"line":359,"column":79}},"type":"cond-expr","locations":[{"start":{"line":359,"column":71},"end":{"line":359,"column":74}},{"start":{"line":359,"column":77},"end":{"line":359,"column":79}}],"line":359},"16":{"loc":{"start":{"line":376,"column":9},"end":{"line":399,"column":9}},"type":"binary-expr","locations":[{"start":{"line":376,"column":9},"end":{"line":376,"column":25}},{"start":{"line":377,"column":10},"end":{"line":398,"column":16}}],"line":376},"17":{"loc":{"start":{"line":392,"column":13},"end":{"line":397,"column":13}},"type":"binary-expr","locations":[{"start":{"line":392,"column":13},"end":{"line":392,"column":29}},{"start":{"line":393,"column":14},"end":{"line":396,"column":20}}],"line":392},"18":{"loc":{"start":{"line":402,"column":9},"end":{"line":409,"column":9}},"type":"binary-expr","locations":[{"start":{"line":402,"column":9},"end":{"line":402,"column":29}},{"start":{"line":403,"column":10},"end":{"line":408,"column":16}}],"line":402},"19":{"loc":{"start":{"line":412,"column":9},"end":{"line":421,"column":9}},"type":"binary-expr","locations":[{"start":{"line":412,"column":9},"end":{"line":412,"column":27}},{"start":{"line":413,"column":10},"end":{"line":420,"column":16}}],"line":412},"20":{"loc":{"start":{"line":424,"column":9},"end":{"line":430,"column":9}},"type":"binary-expr","locations":[{"start":{"line":424,"column":9},"end":{"line":424,"column":26}},{"start":{"line":425,"column":10},"end":{"line":429,"column":16}}],"line":424},"21":{"loc":{"start":{"line":433,"column":9},"end":{"line":463,"column":9}},"type":"binary-expr","locations":[{"start":{"line":433,"column":9},"end":{"line":433,"column":26}},{"start":{"line":434,"column":10},"end":{"line":462,"column":16}}],"line":433},"22":{"loc":{"start":{"line":437,"column":15},"end":{"line":446,"column":15}},"type":"binary-expr","locations":[{"start":{"line":437,"column":15},"end":{"line":437,"column":34}},{"start":{"line":438,"column":16},"end":{"line":445,"column":19}}],"line":437},"23":{"loc":{"start":{"line":447,"column":15},"end":{"line":447,"column":72}},"type":"binary-expr","locations":[{"start":{"line":447,"column":15},"end":{"line":447,"column":30}},{"start":{"line":447,"column":34},"end":{"line":447,"column":72}}],"line":447},"24":{"loc":{"start":{"line":451,"column":15},"end":{"line":460,"column":15}},"type":"cond-expr","locations":[{"start":{"line":452,"column":16},"end":{"line":457,"column":18}},{"start":{"line":459,"column":16},"end":{"line":459,"column":62}}],"line":451}},"s":{"0":0,"1":0,"2":0,"3":0,"4":0,"5":0,"6":0,"7":0,"8":0,"9":0,"10":0,"11":0,"12":0,"13":0,"14":0,"15":0,"16":0,"17":0,"18":0,"19":0,"20":0,"21":0,"22":0,"23":0,"24":0,"25":0,"26":0,"27":0,"28":0,"29":0,"30":0,"31":0,"32":0,"33":0,"34":0,"35":0,"36":0,"37":0,"38":0,"39":0,"40":0,"41":0,"42":0,"43":0,"44":0,"45":0,"46":0,"47":0,"48":0,"49":0,"50":0,"51":0,"52":0,"53":0,"54":0,"55":0,"56":0,"57":0,"58":0,"59":0,"60":0,"61":0,"62":0,"63":0,"64":0,"65":0,"66":0,"67":0,"68":0,"69":0,"70":0,"71":0,"72":0,"73":0,"74":0,"75":0,"76":0,"77":0,"78":0,"79":0},"f":{"0":0,"1":0,"2":0,"3":0,"4":0,"5":0,"6":0,"7":0,"8":0,"9":0,"10":0,"11":0,"12":0,"13":0,"14":0,"15":0,"16":0,"17":0,"18":0,"19":0,"20":0,"21":0},"b":{"0":[0,0],"1":[0,0],"2":[0,0],"3":[0,0],"4":[0,0],"5":[0,0],"6":[0,0],"7":[0,0],"8":[0,0,0],"9":[0,0],"10":[0,0],"11":[0,0],"12":[0,0,0,0],"13":[0,0],"14":[0,0],"15":[0,0],"16":[0,0],"17":[0,0],"18":[0,0],"19":[0,0],"20":[0,0],"21":[0,0],"22":[0,0],"23":[0,0],"24":[0,0]}}
,"C:\\Users\\mragh\\hackathons\\promt wars\\Attemp_2\\PROMTWARS\\src\\components\\Quiz.jsx": {"path":"C:\\Users\\mragh\\hackathons\\promt wars\\Attemp_2\\PROMTWARS\\src\\components\\Quiz.jsx","statementMap":{"0":{"start":{"line":25,"column":20},"end":{"line":25,"column":52}},"1":{"start":{"line":29,"column":32},"end":{"line":29,"column":44}},"2":{"start":{"line":30,"column":36},"end":{"line":30,"column":50}},"3":{"start":{"line":32,"column":2},"end":{"line":48,"column":9}},"4":{"start":{"line":33,"column":4},"end":{"line":36,"column":5}},"5":{"start":{"line":34,"column":6},"end":{"line":34,"column":26}},"6":{"start":{"line":35,"column":6},"end":{"line":35,"column":13}},"7":{"start":{"line":37,"column":29},"end":{"line":41,"column":5}},"8":{"start":{"line":42,"column":4},"end":{"line":47,"column":40}},"9":{"start":{"line":44,"column":8},"end":{"line":44,"column":79}},"10":{"start":{"line":44,"column":46},"end":{"line":44,"column":75}},"11":{"start":{"line":45,"column":8},"end":{"line":45,"column":28}},"12":{"start":{"line":47,"column":19},"end":{"line":47,"column":38}},"13":{"start":{"line":50,"column":2},"end":{"line":50,"column":41}},"14":{"start":{"line":50,"column":29},"end":{"line":50,"column":41}},"15":{"start":{"line":52,"column":2},"end":{"line":79,"column":4}},"16":{"start":{"line":62,"column":12},"end":{"line":74,"column":18}},"17":{"start":{"line":86,"column":32},"end":{"line":86,"column":44}},"18":{"start":{"line":87,"column":34},"end":{"line":87,"column":49}},"19":{"start":{"line":88,"column":34},"end":{"line":88,"column":49}},"20":{"start":{"line":89,"column":36},"end":{"line":89,"column":48}},"21":{"start":{"line":91,"column":27},"end":{"line":93,"column":8}},"22":{"start":{"line":92,"column":4},"end":{"line":92,"column":46}},"23":{"start":{"line":95,"column":21},"end":{"line":112,"column":26}},"24":{"start":{"line":96,"column":4},"end":{"line":96,"column":38}},"25":{"start":{"line":96,"column":31},"end":{"line":96,"column":38}},"26":{"start":{"line":97,"column":4},"end":{"line":97,"column":22}},"27":{"start":{"line":98,"column":4},"end":{"line":98,"column":21}},"28":{"start":{"line":99,"column":4},"end":{"line":111,"column":5}},"29":{"start":{"line":100,"column":6},"end":{"line":105,"column":9}},"30":{"start":{"line":106,"column":6},"end":{"line":106,"column":23}},"31":{"start":{"line":108,"column":6},"end":{"line":108,"column":62}},"32":{"start":{"line":110,"column":6},"end":{"line":110,"column":25}},"33":{"start":{"line":114,"column":2},"end":{"line":114,"column":41}},"34":{"start":{"line":114,"column":29},"end":{"line":114,"column":41}},"35":{"start":{"line":116,"column":2},"end":{"line":167,"column":4}},"36":{"start":{"line":170,"column":0},"end":{"line":174,"column":2}},"37":{"start":{"line":179,"column":19},"end":{"line":209,"column":2}},"38":{"start":{"line":188,"column":21},"end":{"line":194,"column":8}},"39":{"start":{"line":196,"column":2},"end":{"line":208,"column":4}},"40":{"start":{"line":211,"column":0},"end":{"line":211,"column":38}},"41":{"start":{"line":212,"column":0},"end":{"line":220,"column":2}},"42":{"start":{"line":226,"column":27},"end":{"line":226,"column":51}},"43":{"start":{"line":227,"column":34},"end":{"line":227,"column":48}},"44":{"start":{"line":228,"column":27},"end":{"line":228,"column":39}},"45":{"start":{"line":230,"column":21},"end":{"line":230,"column":38}},"46":{"start":{"line":231,"column":25},"end":{"line":231,"column":63}},"47":{"start":{"line":233,"column":29},"end":{"line":238,"column":40}},"48":{"start":{"line":234,"column":4},"end":{"line":234,"column":34}},"49":{"start":{"line":234,"column":27},"end":{"line":234,"column":34}},"50":{"start":{"line":235,"column":4},"end":{"line":235,"column":29}},"51":{"start":{"line":236,"column":4},"end":{"line":236,"column":43}},"52":{"start":{"line":237,"column":4},"end":{"line":237,"column":57}},"53":{"start":{"line":237,"column":21},"end":{"line":237,"column":51}},"54":{"start":{"line":240,"column":21},"end":{"line":240,"column":66}},"55":{"start":{"line":240,"column":39},"end":{"line":240,"column":53}},"56":{"start":{"line":242,"column":2},"end":{"line":299,"column":4}},"57":{"start":{"line":264,"column":10},"end":{"line":273,"column":12}},"58":{"start":{"line":272,"column":28},"end":{"line":272,"column":59}},"59":{"start":{"line":302,"column":0},"end":{"line":305,"column":2}},"60":{"start":{"line":311,"column":44},"end":{"line":311,"column":58}},"61":{"start":{"line":313,"column":20},"end":{"line":313,"column":35}},"62":{"start":{"line":314,"column":20},"end":{"line":314,"column":51}},"63":{"start":{"line":316,"column":18},"end":{"line":320,"column":24}},"64":{"start":{"line":322,"column":16},"end":{"line":326,"column":22}},"65":{"start":{"line":328,"column":2},"end":{"line":356,"column":4}},"66":{"start":{"line":341,"column":25},"end":{"line":341,"column":48}},"67":{"start":{"line":359,"column":0},"end":{"line":363,"column":2}},"68":{"start":{"line":369,"column":44},"end":{"line":369,"column":55}},"69":{"start":{"line":370,"column":44},"end":{"line":370,"column":55}},"70":{"start":{"line":371,"column":44},"end":{"line":371,"column":59}},"71":{"start":{"line":373,"column":17},"end":{"line":373,"column":50}},"72":{"start":{"line":375,"column":23},"end":{"line":384,"column":8}},"73":{"start":{"line":376,"column":4},"end":{"line":381,"column":5}},"74":{"start":{"line":378,"column":6},"end":{"line":378,"column":43}},"75":{"start":{"line":378,"column":33},"end":{"line":378,"column":41}},"76":{"start":{"line":379,"column":6},"end":{"line":379,"column":27}},"77":{"start":{"line":380,"column":6},"end":{"line":380,"column":13}},"78":{"start":{"line":382,"column":4},"end":{"line":382,"column":24}},"79":{"start":{"line":383,"column":4},"end":{"line":383,"column":48}},"80":{"start":{"line":383,"column":19},"end":{"line":383,"column":48}},"81":{"start":{"line":383,"column":38},"end":{"line":383,"column":46}},"82":{"start":{"line":386,"column":22},"end":{"line":390,"column":8}},"83":{"start":{"line":387,"column":4},"end":{"line":387,"column":24}},"84":{"start":{"line":388,"column":4},"end":{"line":388,"column":16}},"85":{"start":{"line":389,"column":4},"end":{"line":389,"column":25}},"86":{"start":{"line":392,"column":22},"end":{"line":396,"column":21}},"87":{"start":{"line":393,"column":4},"end":{"line":393,"column":57}},"88":{"start":{"line":393,"column":34},"end":{"line":393,"column":57}},"89":{"start":{"line":394,"column":4},"end":{"line":394,"column":62}},"90":{"start":{"line":394,"column":36},"end":{"line":394,"column":62}},"91":{"start":{"line":395,"column":4},"end":{"line":395,"column":22}},"92":{"start":{"line":398,"column":2},"end":{"line":450,"column":4}},"93":{"start":{"line":424,"column":14},"end":{"line":428,"column":16}}},"fnMap":{"0":{"name":"Leaderboard","decl":{"start":{"line":28,"column":9},"end":{"line":28,"column":20}},"loc":{"start":{"line":28,"column":23},"end":{"line":80,"column":1}},"line":28},"1":{"name":"(anonymous_1)","decl":{"start":{"line":32,"column":12},"end":{"line":32,"column":13}},"loc":{"start":{"line":32,"column":18},"end":{"line":48,"column":3}},"line":32},"2":{"name":"(anonymous_2)","decl":{"start":{"line":43,"column":12},"end":{"line":43,"column":13}},"loc":{"start":{"line":43,"column":26},"end":{"line":46,"column":7}},"line":43},"3":{"name":"(anonymous_3)","decl":{"start":{"line":44,"column":36},"end":{"line":44,"column":37}},"loc":{"start":{"line":44,"column":46},"end":{"line":44,"column":75}},"line":44},"4":{"name":"(anonymous_4)","decl":{"start":{"line":47,"column":13},"end":{"line":47,"column":14}},"loc":{"start":{"line":47,"column":19},"end":{"line":47,"column":38}},"line":47},"5":{"name":"(anonymous_5)","decl":{"start":{"line":61,"column":22},"end":{"line":61,"column":23}},"loc":{"start":{"line":62,"column":12},"end":{"line":74,"column":18}},"line":62},"6":{"name":"SaveScoreModal","decl":{"start":{"line":85,"column":9},"end":{"line":85,"column":23}},"loc":{"start":{"line":85,"column":51},"end":{"line":168,"column":1}},"line":85},"7":{"name":"(anonymous_7)","decl":{"start":{"line":91,"column":39},"end":{"line":91,"column":40}},"loc":{"start":{"line":91,"column":50},"end":{"line":93,"column":3}},"line":91},"8":{"name":"(anonymous_8)","decl":{"start":{"line":95,"column":33},"end":{"line":95,"column":34}},"loc":{"start":{"line":95,"column":45},"end":{"line":112,"column":3}},"line":95},"9":{"name":"QuizOption","decl":{"start":{"line":179,"column":33},"end":{"line":179,"column":43}},"loc":{"start":{"line":187,"column":3},"end":{"line":209,"column":1}},"line":187},"10":{"name":"QuizQuestion","decl":{"start":{"line":225,"column":9},"end":{"line":225,"column":21}},"loc":{"start":{"line":225,"column":51},"end":{"line":300,"column":1}},"line":225},"11":{"name":"(anonymous_11)","decl":{"start":{"line":233,"column":41},"end":{"line":233,"column":42}},"loc":{"start":{"line":233,"column":58},"end":{"line":238,"column":3}},"line":233},"12":{"name":"(anonymous_12)","decl":{"start":{"line":237,"column":15},"end":{"line":237,"column":16}},"loc":{"start":{"line":237,"column":21},"end":{"line":237,"column":51}},"line":237},"13":{"name":"(anonymous_13)","decl":{"start":{"line":240,"column":33},"end":{"line":240,"column":34}},"loc":{"start":{"line":240,"column":39},"end":{"line":240,"column":53}},"line":240},"14":{"name":"(anonymous_14)","decl":{"start":{"line":263,"column":27},"end":{"line":263,"column":28}},"loc":{"start":{"line":264,"column":10},"end":{"line":273,"column":12}},"line":264},"15":{"name":"(anonymous_15)","decl":{"start":{"line":272,"column":22},"end":{"line":272,"column":23}},"loc":{"start":{"line":272,"column":28},"end":{"line":272,"column":59}},"line":272},"16":{"name":"QuizScore","decl":{"start":{"line":310,"column":9},"end":{"line":310,"column":18}},"loc":{"start":{"line":310,"column":46},"end":{"line":357,"column":1}},"line":310},"17":{"name":"(anonymous_17)","decl":{"start":{"line":341,"column":19},"end":{"line":341,"column":20}},"loc":{"start":{"line":341,"column":25},"end":{"line":341,"column":48}},"line":341},"18":{"name":"Quiz","decl":{"start":{"line":368,"column":9},"end":{"line":368,"column":13}},"loc":{"start":{"line":368,"column":16},"end":{"line":451,"column":1}},"line":368},"19":{"name":"(anonymous_19)","decl":{"start":{"line":375,"column":35},"end":{"line":375,"column":36}},"loc":{"start":{"line":375,"column":50},"end":{"line":384,"column":3}},"line":375},"20":{"name":"(anonymous_20)","decl":{"start":{"line":378,"column":23},"end":{"line":378,"column":24}},"loc":{"start":{"line":378,"column":33},"end":{"line":378,"column":41}},"line":378},"21":{"name":"(anonymous_21)","decl":{"start":{"line":383,"column":28},"end":{"line":383,"column":29}},"loc":{"start":{"line":383,"column":38},"end":{"line":383,"column":46}},"line":383},"22":{"name":"(anonymous_22)","decl":{"start":{"line":386,"column":34},"end":{"line":386,"column":35}},"loc":{"start":{"line":386,"column":40},"end":{"line":390,"column":3}},"line":386},"23":{"name":"(anonymous_23)","decl":{"start":{"line":392,"column":34},"end":{"line":392,"column":35}},"loc":{"start":{"line":392,"column":48},"end":{"line":396,"column":3}},"line":392},"24":{"name":"(anonymous_24)","decl":{"start":{"line":423,"column":27},"end":{"line":423,"column":28}},"loc":{"start":{"line":424,"column":14},"end":{"line":428,"column":16}},"line":424}},"branchMap":{"0":{"loc":{"start":{"line":33,"column":4},"end":{"line":36,"column":5}},"type":"if","locations":[{"start":{"line":33,"column":4},"end":{"line":36,"column":5}},{"start":{},"end":{}}],"line":33},"1":{"loc":{"start":{"line":50,"column":2},"end":{"line":50,"column":41}},"type":"if","locations":[{"start":{"line":50,"column":2},"end":{"line":50,"column":41}},{"start":{},"end":{}}],"line":50},"2":{"loc":{"start":{"line":55,"column":7},"end":{"line":77,"column":7}},"type":"cond-expr","locations":[{"start":{"line":56,"column":8},"end":{"line":56,"column":69}},{"start":{"line":57,"column":10},"end":{"line":77,"column":7}}],"line":55},"3":{"loc":{"start":{"line":57,"column":10},"end":{"line":77,"column":7}},"type":"cond-expr","locations":[{"start":{"line":58,"column":8},"end":{"line":58,"column":69}},{"start":{"line":60,"column":8},"end":{"line":76,"column":14}}],"line":57},"4":{"loc":{"start":{"line":64,"column":34},"end":{"line":64,"column":64}},"type":"cond-expr","locations":[{"start":{"line":64,"column":48},"end":{"line":64,"column":59}},{"start":{"line":64,"column":62},"end":{"line":64,"column":64}}],"line":64},"5":{"loc":{"start":{"line":70,"column":41},"end":{"line":70,"column":66}},"type":"binary-expr","locations":[{"start":{"line":70,"column":41},"end":{"line":70,"column":51}},{"start":{"line":70,"column":55},"end":{"line":70,"column":66}}],"line":70},"6":{"loc":{"start":{"line":96,"column":4},"end":{"line":96,"column":38}},"type":"if","locations":[{"start":{"line":96,"column":4},"end":{"line":96,"column":38}},{"start":{},"end":{}}],"line":96},"7":{"loc":{"start":{"line":101,"column":19},"end":{"line":101,"column":52}},"type":"binary-expr","locations":[{"start":{"line":101,"column":19},"end":{"line":101,"column":37}},{"start":{"line":101,"column":41},"end":{"line":101,"column":52}}],"line":101},"8":{"loc":{"start":{"line":114,"column":2},"end":{"line":114,"column":41}},"type":"if","locations":[{"start":{"line":114,"column":2},"end":{"line":114,"column":41}},{"start":{},"end":{}}],"line":114},"9":{"loc":{"start":{"line":118,"column":7},"end":{"line":165,"column":7}},"type":"cond-expr","locations":[{"start":{"line":119,"column":8},"end":{"line":125,"column":14}},{"start":{"line":127,"column":8},"end":{"line":164,"column":11}}],"line":118},"10":{"loc":{"start":{"line":145,"column":11},"end":{"line":149,"column":11}},"type":"binary-expr","locations":[{"start":{"line":145,"column":11},"end":{"line":145,"column":20}},{"start":{"line":146,"column":12},"end":{"line":148,"column":16}}],"line":145},"11":{"loc":{"start":{"line":158,"column":15},"end":{"line":158,"column":53}},"type":"cond-expr","locations":[{"start":{"line":158,"column":26},"end":{"line":158,"column":35}},{"start":{"line":158,"column":38},"end":{"line":158,"column":53}}],"line":158},"12":{"loc":{"start":{"line":188,"column":21},"end":{"line":194,"column":8}},"type":"cond-expr","locations":[{"start":{"line":189,"column":6},"end":{"line":193,"column":10}},{"start":{"line":194,"column":6},"end":{"line":194,"column":8}}],"line":188},"13":{"loc":{"start":{"line":189,"column":6},"end":{"line":193,"column":10}},"type":"cond-expr","locations":[{"start":{"line":190,"column":8},"end":{"line":190,"column":18}},{"start":{"line":191,"column":8},"end":{"line":193,"column":10}}],"line":189},"14":{"loc":{"start":{"line":191,"column":8},"end":{"line":193,"column":10}},"type":"cond-expr","locations":[{"start":{"line":192,"column":8},"end":{"line":192,"column":16}},{"start":{"line":193,"column":8},"end":{"line":193,"column":10}}],"line":191},"15":{"loc":{"start":{"line":234,"column":4},"end":{"line":234,"column":34}},"type":"if","locations":[{"start":{"line":234,"column":4},"end":{"line":234,"column":34}},{"start":{},"end":{}}],"line":234},"16":{"loc":{"start":{"line":269,"column":23},"end":{"line":269,"column":65}},"type":"binary-expr","locations":[{"start":{"line":269,"column":23},"end":{"line":269,"column":33}},{"start":{"line":269,"column":37},"end":{"line":269,"column":65}}],"line":269},"17":{"loc":{"start":{"line":270,"column":21},"end":{"line":270,"column":91}},"type":"binary-expr","locations":[{"start":{"line":270,"column":21},"end":{"line":270,"column":31}},{"start":{"line":270,"column":35},"end":{"line":270,"column":59}},{"start":{"line":270,"column":63},"end":{"line":270,"column":91}}],"line":270},"18":{"loc":{"start":{"line":277,"column":7},"end":{"line":286,"column":7}},"type":"binary-expr","locations":[{"start":{"line":277,"column":7},"end":{"line":277,"column":17}},{"start":{"line":278,"column":8},"end":{"line":285,"column":14}}],"line":277},"19":{"loc":{"start":{"line":279,"column":43},"end":{"line":279,"column":90}},"type":"cond-expr","locations":[{"start":{"line":279,"column":71},"end":{"line":279,"column":80}},{"start":{"line":279,"column":83},"end":{"line":279,"column":90}}],"line":279},"20":{"loc":{"start":{"line":284,"column":11},"end":{"line":284,"column":81}},"type":"cond-expr","locations":[{"start":{"line":284,"column":39},"end":{"line":284,"column":56}},{"start":{"line":284,"column":59},"end":{"line":284,"column":81}}],"line":284},"21":{"loc":{"start":{"line":288,"column":34},"end":{"line":288,"column":59}},"type":"cond-expr","locations":[{"start":{"line":288,"column":47},"end":{"line":288,"column":54}},{"start":{"line":288,"column":57},"end":{"line":288,"column":59}}],"line":288},"22":{"loc":{"start":{"line":295,"column":11},"end":{"line":295,"column":63}},"type":"cond-expr","locations":[{"start":{"line":295,"column":28},"end":{"line":295,"column":43}},{"start":{"line":295,"column":46},"end":{"line":295,"column":63}}],"line":295},"23":{"loc":{"start":{"line":316,"column":18},"end":{"line":320,"column":24}},"type":"cond-expr","locations":[{"start":{"line":317,"column":6},"end":{"line":317,"column":27}},{"start":{"line":318,"column":6},"end":{"line":320,"column":24}}],"line":316},"24":{"loc":{"start":{"line":318,"column":6},"end":{"line":320,"column":24}},"type":"cond-expr","locations":[{"start":{"line":319,"column":6},"end":{"line":319,"column":25}},{"start":{"line":320,"column":6},"end":{"line":320,"column":24}}],"line":318},"25":{"loc":{"start":{"line":322,"column":16},"end":{"line":326,"column":22}},"type":"cond-expr","locations":[{"start":{"line":323,"column":6},"end":{"line":323,"column":25}},{"start":{"line":324,"column":6},"end":{"line":326,"column":22}}],"line":322},"26":{"loc":{"start":{"line":324,"column":6},"end":{"line":326,"column":22}},"type":"cond-expr","locations":[{"start":{"line":325,"column":6},"end":{"line":325,"column":23}},{"start":{"line":326,"column":6},"end":{"line":326,"column":22}}],"line":324},"27":{"loc":{"start":{"line":337,"column":7},"end":{"line":343,"column":7}},"type":"binary-expr","locations":[{"start":{"line":337,"column":7},"end":{"line":337,"column":20}},{"start":{"line":337,"column":24},"end":{"line":337,"column":44}},{"start":{"line":338,"column":8},"end":{"line":342,"column":10}}],"line":337},"28":{"loc":{"start":{"line":376,"column":4},"end":{"line":381,"column":5}},"type":"if","locations":[{"start":{"line":376,"column":4},"end":{"line":381,"column":5}},{"start":{},"end":{}}],"line":376},"29":{"loc":{"start":{"line":383,"column":4},"end":{"line":383,"column":48}},"type":"if","locations":[{"start":{"line":383,"column":4},"end":{"line":383,"column":48}},{"start":{},"end":{}}],"line":383},"30":{"loc":{"start":{"line":393,"column":4},"end":{"line":393,"column":57}},"type":"if","locations":[{"start":{"line":393,"column":4},"end":{"line":393,"column":57}},{"start":{},"end":{}}],"line":393},"31":{"loc":{"start":{"line":394,"column":4},"end":{"line":394,"column":62}},"type":"if","locations":[{"start":{"line":394,"column":4},"end":{"line":394,"column":62}},{"start":{},"end":{}}],"line":394},"32":{"loc":{"start":{"line":407,"column":22},"end":{"line":407,"column":65}},"type":"cond-expr","locations":[{"start":{"line":407,"column":45},"end":{"line":407,"column":60}},{"start":{"line":407,"column":63},"end":{"line":407,"column":65}}],"line":407},"33":{"loc":{"start":{"line":413,"column":22},"end":{"line":413,"column":88}},"type":"cond-expr","locations":[{"start":{"line":413,"column":35},"end":{"line":413,"column":60}},{"start":{"line":413,"column":63},"end":{"line":413,"column":88}}],"line":413},"34":{"loc":{"start":{"line":433,"column":13},"end":{"line":445,"column":13}},"type":"cond-expr","locations":[{"start":{"line":434,"column":14},"end":{"line":438,"column":16}},{"start":{"line":440,"column":14},"end":{"line":444,"column":16}}],"line":433}},"s":{"0":0,"1":0,"2":0,"3":0,"4":0,"5":0,"6":0,"7":0,"8":0,"9":0,"10":0,"11":0,"12":0,"13":0,"14":0,"15":0,"16":0,"17":0,"18":0,"19":0,"20":0,"21":0,"22":0,"23":0,"24":0,"25":0,"26":0,"27":0,"28":0,"29":0,"30":0,"31":0,"32":0,"33":0,"34":0,"35":0,"36":0,"37":0,"38":0,"39":0,"40":0,"41":0,"42":0,"43":0,"44":0,"45":0,"46":0,"47":0,"48":0,"49":0,"50":0,"51":0,"52":0,"53":0,"54":0,"55":0,"56":0,"57":0,"58":0,"59":0,"60":0,"61":0,"62":0,"63":0,"64":0,"65":0,"66":0,"67":0,"68":0,"69":0,"70":0,"71":0,"72":0,"73":0,"74":0,"75":0,"76":0,"77":0,"78":0,"79":0,"80":0,"81":0,"82":0,"83":0,"84":0,"85":0,"86":0,"87":0,"88":0,"89":0,"90":0,"91":0,"92":0,"93":0},"f":{"0":0,"1":0,"2":0,"3":0,"4":0,"5":0,"6":0,"7":0,"8":0,"9":0,"10":0,"11":0,"12":0,"13":0,"14":0,"15":0,"16":0,"17":0,"18":0,"19":0,"20":0,"21":0,"22":0,"23":0,"24":0},"b":{"0":[0,0],"1":[0,0],"2":[0,0],"3":[0,0],"4":[0,0],"5":[0,0],"6":[0,0],"7":[0,0],"8":[0,0],"9":[0,0],"10":[0,0],"11":[0,0],"12":[0,0],"13":[0,0],"14":[0,0],"15":[0,0],"16":[0,0],"17":[0,0,0],"18":[0,0],"19":[0,0],"20":[0,0],"21":[0,0],"22":[0,0],"23":[0,0],"24":[0,0],"25":[0,0],"26":[0,0],"27":[0,0,0],"28":[0,0],"29":[0,0],"30":[0,0],"31":[0,0],"32":[0,0],"33":[0,0],"34":[0,0]}}
,"C:\\Users\\mragh\\hackathons\\promt wars\\Attemp_2\\PROMTWARS\\src\\components\\Stats.jsx": {"path":"C:\\Users\\mragh\\hackathons\\promt wars\\Attemp_2\\PROMTWARS\\src\\components\\Stats.jsx","statementMap":{"0":{"start":{"line":3,"column":19},"end":{"line":8,"column":1}},"1":{"start":{"line":11,"column":17},"end":{"line":18,"column":2}},"2":{"start":{"line":12,"column":2},"end":{"line":17,"column":4}},"3":{"start":{"line":20,"column":0},"end":{"line":20,"column":34}},"4":{"start":{"line":24,"column":16},"end":{"line":24,"column":45}},"5":{"start":{"line":24,"column":30},"end":{"line":24,"column":40}},"6":{"start":{"line":26,"column":2},"end":{"line":32,"column":4}},"7":{"start":{"line":29,"column":8},"end":{"line":29,"column":47}}},"fnMap":{"0":{"name":"StatItem","decl":{"start":{"line":11,"column":31},"end":{"line":11,"column":39}},"loc":{"start":{"line":11,"column":64},"end":{"line":18,"column":1}},"line":11},"1":{"name":"Stats","decl":{"start":{"line":23,"column":9},"end":{"line":23,"column":14}},"loc":{"start":{"line":23,"column":17},"end":{"line":33,"column":1}},"line":23},"2":{"name":"(anonymous_2)","decl":{"start":{"line":24,"column":24},"end":{"line":24,"column":25}},"loc":{"start":{"line":24,"column":30},"end":{"line":24,"column":40}},"line":24},"3":{"name":"(anonymous_3)","decl":{"start":{"line":28,"column":17},"end":{"line":28,"column":18}},"loc":{"start":{"line":29,"column":8},"end":{"line":29,"column":47}},"line":29}},"branchMap":{},"s":{"0":0,"1":0,"2":0,"3":0,"4":0,"5":0,"6":0,"7":0},"f":{"0":0,"1":0,"2":0,"3":0},"b":{}}
[...]
,"C:\\Users\\mragh\\hackathons\\promt wars\\Attemp_2\\PROMTWARS\\src\\hooks\\useGeolocation.js": {"path":"C:\\Users\\mragh\\hackathons\\promt wars\\Attemp_2\\PROMTWARS\\src\\hooks\\useGeolocation.js","statementMap":{"0":{"start":{"line":12,"column":28},"end":{"line":12,"column":44}},"1":{"start":{"line":13,"column":42},"end":{"line":13,"column":56}},"2":{"start":{"line":15,"column":17},"end":{"line":30,"column":8}},"3":{"start":{"line":16,"column":4},"end":{"line":19,"column":5}},"4":{"start":{"line":17,"column":6},"end":{"line":17,"column":24}},"5":{"start":{"line":18,"column":6},"end":{"line":18,"column":13}},"6":{"start":{"line":20,"column":4},"end":{"line":20,"column":25}},"7":{"start":{"line":21,"column":4},"end":{"line":29,"column":6}},"8":{"start":{"line":23,"column":40},"end":{"line":23,"column":55}},"9":{"start":{"line":24,"column":8},"end":{"line":24,"column":59}},"10":{"start":{"line":25,"column":8},"end":{"line":25,"column":26}},"11":{"start":{"line":27,"column":12},"end":{"line":27,"column":30}},"12":{"start":{"line":32,"column":2},"end":{"line":37,"column":9}},"13":{"start":{"line":33,"column":4},"end":{"line":36,"column":6}},"14":{"start":{"line":34,"column":6},"end":{"line":34,"column":23}},"15":{"start":{"line":35,"column":6},"end":{"line":35,"column":28}},"16":{"start":{"line":39,"column":2},"end":{"line":39,"column":41}}},"fnMap":{"0":{"name":"useGeolocation","decl":{"start":{"line":11,"column":16},"end":{"line":11,"column":30}},"loc":{"start":{"line":11,"column":33},"end":{"line":40,"column":1}},"line":11},"1":{"name":"(anonymous_1)","decl":{"start":{"line":15,"column":29},"end":{"line":15,"column":30}},"loc":{"start":{"line":15,"column":35},"end":{"line":30,"column":3}},"line":15},"2":{"name":"(anonymous_2)","decl":{"start":{"line":22,"column":6},"end":{"line":22,"column":7}},"loc":{"start":{"line":22,"column":20},"end":{"line":26,"column":7}},"line":22},"3":{"name":"(anonymous_3)","decl":{"start":{"line":27,"column":6},"end":{"line":27,"column":7}},"loc":{"start":{"line":27,"column":12},"end":{"line":27,"column":30}},"line":27},"4":{"name":"(anonymous_4)","decl":{"start":{"line":32,"column":12},"end":{"line":32,"column":13}},"loc":{"start":{"line":32,"column":18},"end":{"line":37,"column":3}},"line":32},"5":{"name":"(anonymous_5)","decl":{"start":{"line":33,"column":11},"end":{"line":33,"column":12}},"loc":{"start":{"line":33,"column":17},"end":{"line":36,"column":5}},"line":33}},"branchMap":{"0":{"loc":{"start":{"line":16,"column":4},"end":{"line":19,"column":5}},"type":"if","locations":[{"start":{"line":16,"column":4},"end":{"line":19,"column":5}},{"start":{},"end":{}}],"line":16}},"s":{"0":0,"1":0,"2":0,"3":0,"4":0,"5":0,"6":0,"7":0,"8":0,"9":0,"10":0,"11":0,"12":0,"13":0,"14":0,"15":0,"16":0},"f":{"0":0,"1":0,"2":0,"3":0,"4":0,"5":0},"b":{"0":[0,0]}}
,"C:\\Users\\mragh\\hackathons\\promt wars\\Attemp_2\\PROMTWARS\\src\\hooks\\useLocalStorage.js": {"path":"C:\\Users\\mragh\\hackathons\\promt wars\\Attemp_2\\PROMTWARS\\src\\hooks\\useLocalStorage.js","statementMap":{"0":{"start":{"line":12,"column":40},"end":{"line":19,"column":4}},"1":{"start":{"line":13,"column":4},"end":{"line":18,"column":5}},"2":{"start":{"line":14,"column":19},"end":{"line":14,"column":51}},"3":{"start":{"line":15,"column":6},"end":{"line":15,"column":61}},"4":{"start":{"line":17,"column":6},"end":{"line":17,"column":26}},"5":{"start":{"line":21,"column":2},"end":{"line":27,"column":25}},"6":{"start":{"line":22,"column":4},"end":{"line":26,"column":5}},"7":{"start":{"line":23,"column":6},"end":{"line":23,"column":68}},"8":{"start":{"line":29,"column":2},"end":{"line":29,"column":39}}},"fnMap":{"0":{"name":"useLocalStorage","decl":{"start":{"line":11,"column":16},"end":{"line":11,"column":31}},"loc":{"start":{"line":11,"column":51},"end":{"line":30,"column":1}},"line":11},"1":{"name":"(anonymous_1)","decl":{"start":{"line":12,"column":49},"end":{"line":12,"column":50}},"loc":{"start":{"line":12,"column":55},"end":{"line":19,"column":3}},"line":12},"2":{"name":"(anonymous_2)","decl":{"start":{"line":21,"column":12},"end":{"line":21,"column":13}},"loc":{"start":{"line":21,"column":18},"end":{"line":27,"column":3}},"line":21}},"branchMap":{"0":{"loc":{"start":{"line":15,"column":13},"end":{"line":15,"column":60}},"type":"cond-expr","locations":[{"start":{"line":15,"column":29},"end":{"line":15,"column":45}},{"start":{"line":15,"column":48},"end":{"line":15,"column":60}}],"line":15}},"s":{"0":0,"1":0,"2":0,"3":0,"4":0,"5":0,"6":0,"7":0,"8":0},"f":{"0":0,"1":0,"2":0},"b":{"0":[0,0]}}
,"C:\\Users\\mragh\\hackathons\\promt wars\\Attemp_2\\PROMTWARS\\src\\hooks\\useScrollReveal.js": {"path":"C:\\Users\\mragh\\hackathons\\promt wars\\Attemp_2\\PROMTWARS\\src\\hooks\\useScrollReveal.js","statementMap":{"0":{"start":{"line":11,"column":22},"end":{"line":11,"column":34}},"1":{"start":{"line":13,"column":18},"end":{"line":27,"column":17}},"2":{"start":{"line":14,"column":18},"end":{"line":14,"column":54}},"3":{"start":{"line":15,"column":4},"end":{"line":25,"column":6}},"4":{"start":{"line":17,"column":8},"end":{"line":22,"column":11}},"5":{"start":{"line":18,"column":10},"end":{"line":21,"column":11}},"6":{"start":{"line":19,"column":12},"end":{"line":19,"column":50}},"7":{"start":{"line":20,"column":12},"end":{"line":20,"column":57}},"8":{"start":{"line":26,"column":4},"end":{"line":26,"column":70}},"9":{"start":{"line":26,"column":31},"end":{"line":26,"column":68}},"10":{"start":{"line":29,"column":2},"end":{"line":34,"column":16}},"11":{"start":{"line":30,"column":4},"end":{"line":30,"column":14}},"12":{"start":{"line":31,"column":4},"end":{"line":33,"column":6}},"13":{"start":{"line":32,"column":6},"end":{"line":32,"column":40}}},"fnMap":{"0":{"name":"useScrollReveal","decl":{"start":{"line":10,"column":16},"end":{"line":10,"column":31}},"loc":{"start":{"line":10,"column":68},"end":{"line":35,"column":1}},"line":10},"1":{"name":"(anonymous_1)","decl":{"start":{"line":13,"column":30},"end":{"line":13,"column":31}},"loc":{"start":{"line":13,"column":36},"end":{"line":27,"column":3}},"line":13},"2":{"name":"(anonymous_2)","decl":{"start":{"line":16,"column":6},"end":{"line":16,"column":7}},"loc":{"start":{"line":16,"column":19},"end":{"line":23,"column":7}},"line":16},"3":{"name":"(anonymous_3)","decl":{"start":{"line":17,"column":24},"end":{"line":17,"column":25}},"loc":{"start":{"line":17,"column":35},"end":{"line":22,"column":9}},"line":17},"4":{"name":"(anonymous_4)","decl":{"start":{"line":26,"column":18},"end":{"line":26,"column":19}},"loc":{"start":{"line":26,"column":31},"end":{"line":26,"column":68}},"line":26},"5":{"name":"(anonymous_5)","decl":{"start":{"line":29,"column":12},"end":{"line":29,"column":13}},"loc":{"start":{"line":29,"column":18},"end":{"line":34,"column":3}},"line":29},"6":{"name":"(anonymous_6)","decl":{"start":{"line":31,"column":11},"end":{"line":31,"column":12}},"loc":{"start":{"line":31,"column":17},"end":{"line":33,"column":5}},"line":31}},"branchMap":{"0":{"loc":{"start":{"line":10,"column":32},"end":{"line":10,"column":66}},"type":"default-arg","locations":[{"start":{"line":10,"column":44},"end":{"line":10,"column":66}}],"line":10},"1":{"loc":{"start":{"line":18,"column":10},"end":{"line":21,"column":11}},"type":"if","locations":[{"start":{"line":18,"column":10},"end":{"line":21,"column":11}},{"start":{},"end":{}}],"line":18}},"s":{"0":0,"1":0,"2":0,"3":0,"4":0,"5":0,"6":0,"7":0,"8":0,"9":0,"10":0,"11":0,"12":0,"13":0},"f":{"0":0,"1":0,"2":0,"3":0,"4":0,"5":0,"6":0},"b":{"0":[0],"1":[0,0]}}
,"C:\\Users\\mragh\\hackathons\\promt wars\\Attemp_2\\PROMTWARS\\src\\services\\geocodeService.js": {"path":"C:\\Users\\mragh\\hackathons\\promt wars\\Attemp_2\\PROMTWARS\\src\\services\\geocodeService.js","statementMap":{"0":{"start":{"line":13,"column":14},"end":{"line":13,"column":39}},"1":{"start":{"line":14,"column":2},"end":{"line":14,"column":48}},"2":{"start":{"line":15,"column":2},"end":{"line":15,"column":49}},"3":{"start":{"line":16,"column":2},"end":{"line":16,"column":41}},"4":{"start":{"line":18,"column":19},"end":{"line":20,"column":4}},"5":{"start":{"line":21,"column":2},"end":{"line":23,"column":3}},"6":{"start":{"line":22,"column":4},"end":{"line":22,"column":61}},"7":{"start":{"line":24,"column":15},"end":{"line":24,"column":36}},"8":{"start":{"line":25,"column":22},"end":{"line":25,"column":26}},"9":{"start":{"line":26,"column":2},"end":{"line":26,"column":90}}},"fnMap":{"0":{"name":"reverseGeocode","decl":{"start":{"line":12,"column":22},"end":{"line":12,"column":36}},"loc":{"start":{"line":12,"column":58},"end":{"line":27,"column":1}},"line":12}},"branchMap":{"0":{"loc":{"start":{"line":21,"column":2},"end":{"line":23,"column":3}},"type":"if","locations":[{"start":{"line":21,"column":2},"end":{"line":23,"column":3}},{"start":{},"end":{}}],"line":21},"1":{"loc":{"start":{"line":26,"column":9},"end":{"line":26,"column":89}},"type":"binary-expr","locations":[{"start":{"line":26,"column":9},"end":{"line":26,"column":21}},{"start":{"line":26,"column":25},"end":{"line":26,"column":37}},{"start":{"line":26,"column":41},"end":{"line":26,"column":56}},{"start":{"line":26,"column":60},"end":{"line":26,"column":74}},{"start":{"line":26,"column":78},"end":{"line":26,"column":89}}],"line":26}},"s":{"0":0,"1":0,"2":0,"3":0,"4":0,"5":0,"6":0,"7":0,"8":0,"9":0},"f":{"0":0},"b":{"0":[0,0],"1":[0,0,0,0,0]}}
,"C:\\Users\\mragh\\hackathons\\promt wars\\Attemp_2\\PROMTWARS\\src\\services\\pollingStationsService.js": {"path":"C:\\Users\\mragh\\hackathons\\promt wars\\Attemp_2\\PROMTWARS\\src\\services\\pollingStationsService.js","statementMap":{"0":{"start":{"line":21,"column":23},"end":{"line":21,"column":35}},"1":{"start":{"line":23,"column":2},"end":{"line":38,"column":49}},"2":{"start":{"line":24,"column":23},"end":{"line":24,"column":44}},"3":{"start":{"line":25,"column":23},"end":{"line":25,"column":44}},"4":{"start":{"line":26,"column":23},"end":{"line":26,"column":68}},"5":{"start":{"line":28,"column":4},"end":{"line":37,"column":6}},"6":{"start":{"line":38,"column":20},"end":{"line":38,"column":47}}},"fnMap":{"0":{"name":"buildPollingStations","decl":{"start":{"line":20,"column":16},"end":{"line":20,"column":36}},"loc":{"start":{"line":20,"column":51},"end":{"line":39,"column":1}},"line":20},"1":{"name":"(anonymous_1)","decl":{"start":{"line":23,"column":26},"end":{"line":23,"column":27}},"loc":{"start":{"line":23,"column":38},"end":{"line":38,"column":3}},"line":23},"2":{"name":"(anonymous_2)","decl":{"start":{"line":38,"column":10},"end":{"line":38,"column":11}},"loc":{"start":{"line":38,"column":20},"end":{"line":38,"column":47}},"line":38}},"branchMap":{},"s":{"0":0,"1":0,"2":0,"3":0,"4":0,"5":0,"6":0},"f":{"0":0,"1":0,"2":0},"b":{}}
,"C:\\Users\\mragh\\hackathons\\promt wars\\Attemp_2\\PROMTWARS\\src\\services\\weatherService.js": {"path":"C:\\Users\\mragh\\hackathons\\promt wars\\Attemp_2\\PROMTWARS\\src\\services\\weatherService.js","statementMap":{"0":{"start":{"line":13,"column":14},"end":{"line":13,"column":39}},"1":{"start":{"line":14,"column":2},"end":{"line":14,"column":53}},"2":{"start":{"line":15,"column":2},"end":{"line":15,"column":55}},"3":{"start":{"line":16,"column":2},"end":{"line":16,"column":50}},"4":{"start":{"line":17,"column":2},"end":{"line":17,"column":43}},"5":{"start":{"line":19,"column":19},"end":{"line":19,"column":40}},"6":{"start":{"line":20,"column":2},"end":{"line":22,"column":3}},"7":{"start":{"line":21,"column":4},"end":{"line":21,"column":61}},"8":{"start":{"line":23,"column":15},"end":{"line":23,"column":36}},"9":{"start":{"line":24,"column":2},"end":{"line":24,"column":30}}},"fnMap":{"0":{"name":"fetchWeather","decl":{"start":{"line":12,"column":22},"end":{"line":12,"column":34}},"loc":{"start":{"line":12,"column":56},"end":{"line":25,"column":1}},"line":12}},"branchMap":{"0":{"loc":{"start":{"line":20,"column":2},"end":{"line":22,"column":3}},"type":"if","locations":[{"start":{"line":20,"column":2},"end":{"line":22,"column":3}},{"start":{},"end":{}}],"line":20}},"s":{"0":0,"1":0,"2":0,"3":0,"4":0,"5":0,"6":0,"7":0,"8":0,"9":0},"f":{"0":0},"b":{"0":[0,0]}}
,"C:\\Users\\mragh\\hackathons\\promt wars\\Attemp_2\\PROMTWARS\\src\\utils\\geo.js": {"path":"C:\\Users\\mragh\\hackathons\\promt wars\\Attemp_2\\PROMTWARS\\src\\utils\\geo.js","statementMap":{"0":{"start":{"line":5,"column":26},"end":{"line":5,"column":30}},"1":{"start":{"line":6,"column":16},"end":{"line":6,"column":46}},"2":{"start":{"line":6,"column":25},"end":{"line":6,"column":46}},"3":{"start":{"line":7,"column":19},"end":{"line":7,"column":37}},"4":{"start":{"line":8,"column":19},"end":{"line":8,"column":37}},"5":{"start":{"line":9,"column":21},"end":{"line":9,"column":43}},"6":{"start":{"line":10,"column":21},"end":{"line":10,"column":43}},"7":{"start":{"line":12,"column":4},"end":{"line":13,"column":75}},"8":{"start":{"line":14,"column":2},"end":{"line":14,"column":74}},"9":{"start":{"line":22,"column":30},"end":{"line":22,"column":32}},"10":{"start":{"line":23,"column":2},"end":{"line":23,"column":74}},"11":{"start":{"line":31,"column":29},"end":{"line":31,"column":30}},"12":{"start":{"line":32,"column":2},"end":{"line":32,"column":73}},"13":{"start":{"line":39,"column":2},"end":{"line":39,"column":31}},"14":{"start":{"line":46,"column":2},"end":{"line":46,"column":45}}},"fnMap":{"0":{"name":"haversineKm","decl":{"start":{"line":4,"column":16},"end":{"line":4,"column":27}},"loc":{"start":{"line":4,"column":52},"end":{"line":15,"column":1}},"line":4},"1":{"name":"(anonymous_1)","decl":{"start":{"line":6,"column":16},"end":{"line":6,"column":17}},"loc":{"start":{"line":6,"column":25},"end":{"line":6,"column":46}},"line":6},"2":{"name":"estimateDriveMinutes","decl":{"start":{"line":21,"column":16},"end":{"line":21,"column":36}},"loc":{"start":{"line":21,"column":49},"end":{"line":24,"column":1}},"line":21},"3":{"name":"estimateWalkMinutes","decl":{"start":{"line":30,"column":16},"end":{"line":30,"column":35}},"loc":{"start":{"line":30,"column":48},"end":{"line":33,"column":1}},"line":30},"4":{"name":"formatDistance","decl":{"start":{"line":38,"column":16},"end":{"line":38,"column":30}},"loc":{"start":{"line":38,"column":35},"end":{"line":40,"column":1}},"line":38},"5":{"name":"clamp","decl":{"start":{"line":45,"column":16},"end":{"line":45,"column":21}},"loc":{"start":{"line":45,"column":39},"end":{"line":47,"column":1}},"line":45}},"branchMap":{},"s":{"0":4,"1":4,"2":16,"3":4,"4":4,"5":4,"6":4,"7":4,"8":4,"9":5,"10":5,"11":2,"12":2,"13":3,"14":5},"f":{"0":4,"1":16,"2":5,"3":2,"4":3,"5":5},"b":{},"_coverageSchema":"1a1c01bbd47fc00a2c39e90264f33305004495a9","hash":"c611f2ac96ef8d982ae38c1d9e6c48282df26a01"}
,"C:\\Users\\mragh\\hackathons\\promt wars\\Attemp_2\\PROMTWARS\\src\\utils\\sanitize.js": {"path":"C:\\Users\\mragh\\hackathons\\promt wars\\Attemp_2\\PROMTWARS\\src\\utils\\sanitize.js","statementMap":{"0":{"start":{"line":10,"column":2},"end":{"line":10,"column":43}},"1":{"start":{"line":10,"column":33},"end":{"line":10,"column":43}},"2":{"start":{"line":11,"column":2},"end":{"line":11,"column":115}},"3":{"start":{"line":20,"column":2},"end":{"line":20,"column":43}},"4":{"start":{"line":20,"column":33},"end":{"line":20,"column":43}},"5":{"start":{"line":21,"column":2},"end":{"line":21,"column":57}},"6":{"start":{"line":30,"column":2},"end":{"line":30,"column":43}},"7":{"start":{"line":30,"column":31},"end":{"line":30,"column":43}},"8":{"start":{"line":31,"column":2},"end":{"line":37,"column":3}},"9":{"start":{"line":32,"column":19},"end":{"line":32,"column":31}},"10":{"start":{"line":33,"column":4},"end":{"line":33,"column":50}},"11":{"start":{"line":33,"column":38},"end":{"line":33,"column":50}},"12":{"start":{"line":34,"column":4},"end":{"line":34,"column":23}},"13":{"start":{"line":36,"column":4},"end":{"line":36,"column":16}},"14":{"start":{"line":47,"column":2},"end":{"line":47,"column":42}},"15":{"start":{"line":47,"column":32},"end":{"line":47,"column":42}},"16":{"start":{"line":48,"column":2},"end":{"line":48,"column":78}}},"fnMap":{"0":{"name":"sanitizeHtml","decl":{"start":{"line":9,"column":16},"end":{"line":9,"column":28}},"loc":{"start":{"line":9,"column":36},"end":{"line":12,"column":1}},"line":9},"1":{"name":"sanitizeText","decl":{"start":{"line":19,"column":16},"end":{"line":19,"column":28}},"loc":{"start":{"line":19,"column":36},"end":{"line":22,"column":1}},"line":19},"2":{"name":"sanitizeUrl","decl":{"start":{"line":29,"column":16},"end":{"line":29,"column":27}},"loc":{"start":{"line":29,"column":33},"end":{"line":38,"column":1}},"line":29},"3":{"name":"sanitizeName","decl":{"start":{"line":46,"column":16},"end":{"line":46,"column":28}},"loc":{"start":{"line":46,"column":35},"end":{"line":49,"column":1}},"line":46}},"branchMap":{"0":{"loc":{"start":{"line":10,"column":2},"end":{"line":10,"column":43}},"type":"if","locations":[{"start":{"line":10,"column":2},"end":{"line":10,"column":43}},{"start":{},"end":{}}],"line":10},"1":{"loc":{"start":{"line":20,"column":2},"end":{"line":20,"column":43}},"type":"if","locations":[{"start":{"line":20,"column":2},"end":{"line":20,"column":43}},{"start":{},"end":{}}],"line":20},"2":{"loc":{"start":{"line":30,"column":2},"end":{"line":30,"column":43}},"type":"if","locations":[{"start":{"line":30,"column":2},"end":{"line":30,"column":43}},{"start":{},"end":{}}],"line":30},"3":{"loc":{"start":{"line":33,"column":4},"end":{"line":33,"column":50}},"type":"if","locations":[{"start":{"line":33,"column":4},"end":{"line":33,"column":50}},{"start":{},"end":{}}],"line":33},"4":{"loc":{"start":{"line":47,"column":2},"end":{"line":47,"column":42}},"type":"if","locations":[{"start":{"line":47,"column":2},"end":{"line":47,"column":42}},{"start":{},"end":{}}],"line":47}},"s":{"0":6,"1":3,"2":3,"3":4,"4":2,"5":2,"6":7,"7":1,"8":6,"9":6,"10":4,"11":3,"12":1,"13":2,"14":7,"15":2,"16":5},"f":{"0":6,"1":4,"2":7,"3":7},"b":{"0":[3,3],"1":[2,2],"2":[1,6],"3":[3,1],"4":[2,5]},"_coverageSchema":"1a1c01bbd47fc00a2c39e90264f33305004495a9","hash":"16fa4bf73c333e9854de2bffd1d7b29b9cae64f9"}
}
