TN:
SF:src\App.jsx
FN:12,(anonymous_0)
FN:12,(anonymous_1)
FN:13,(anonymous_2)
FN:13,(anonymous_3)
FN:14,(anonymous_4)
FN:14,(anonymous_5)
FN:15,(anonymous_6)
FN:15,(anonymous_7)
FN:16,(anonymous_8)
FN:16,(anonymous_9)
FN:17,(anonymous_10)
FN:17,(anonymous_11)
FN:18,(anonymous_12)
FN:18,(anonymous_13)
FN:19,(anonymous_14)
FN:19,(anonymous_15)
FN:22,App
FNF:17
FNH:0
FNDA:0,(anonymous_0)
FNDA:0,(anonymous_1)
FNDA:0,(anonymous_2)
FNDA:0,(anonymous_3)
FNDA:0,(anonymous_4)
FNDA:0,(anonymous_5)
FNDA:0,(anonymous_6)
FNDA:0,(anonymous_7)
FNDA:0,(anonymous_8)
FNDA:0,(anonymous_9)
FNDA:0,(anonymous_10)
FNDA:0,(anonymous_11)
FNDA:0,(anonymous_12)
FNDA:0,(anonymous_13)
FNDA:0,(anonymous_14)
FNDA:0,(anonymous_15)
FNDA:0,App
DA:12,0
DA:13,0
DA:14,0
DA:15,0
DA:16,0
DA:17,0
DA:18,0
DA:19,0
DA:23,0
DA:25,0
LF:10
LH:0
BRF:0
BRH:0
end_of_record
TN:
SF:src\firebase.js
FN:34,(anonymous_0)
FN:37,(anonymous_1)
FNF:2
FNH:0
FNDA:0,(anonymous_0)
FNDA:0,(anonymous_1)
DA:6,0
DA:18,0
DA:21,0
DA:22,0
DA:23,0
DA:24,0
DA:26,0
DA:28,0
DA:29,0
DA:30,0
DA:33,0
DA:35,0
LF:12
LH:0
BRDA:18,0,0,0
BRDA:18,0,1,0
BRDA:26,1,0,0
BRDA:26,1,1,0
BRDA:28,2,0,0
BRDA:28,2,1,0
BRDA:35,3,0,0
BRDA:35,3,1,0
BRF:8
BRH:0
end_of_record
TN:
SF:src\setupTests.js
FN:7,(anonymous_0)
FN:21,(anonymous_1)
FN:24,(anonymous_2)
FN:25,(anonymous_3)
FN:26,(anonymous_4)
FNF:5
FNH:0
FNDA:0,(anonymous_0)
FNDA:0,(anonymous_1)
FNDA:0,(anonymous_2)
FNDA:0,(anonymous_3)
FNDA:0,(anonymous_4)
DA:5,0
DA:7,0
DA:22,0
DA:28,0
DA:31,0
LF:5
LH:0
BRF:0
BRH:0
end_of_record
TN:
SF:src\components\CTA.jsx
FN:2,CTA
FNF:1
FNH:0
FNDA:0,CTA
DA:3,0
LF:1
LH:0
BRF:0
BRH:0
end_of_record
TN:
SF:src\components\ErrorBoundary.jsx
FN:8,(anonymous_0)
FN:13,(anonymous_1)
FN:17,(anonymous_2)
FN:25,(anonymous_3)
FN:36,(anonymous_4)
FNF:5
FNH:0
FNDA:0,(anonymous_0)
FNDA:0,(anonymous_1)
FNDA:0,(anonymous_2)
FNDA:0,(anonymous_3)
FNDA:0,(anonymous_4)
DA:9,0
DA:10,0
DA:14,0
DA:19,0
DA:21,0
DA:26,0
DA:27,0
DA:36,0
DA:43,0
LF:9
LH:0
BRDA:14,0,0,0
BRDA:14,0,1,0
BRDA:19,1,0,0
BRDA:19,1,1,0
BRDA:26,2,0,0
BRDA:26,2,1,0
BRF:6
BRH:0
end_of_record
TN:
SF:src\components\Footer.jsx
FN:4,Footer
FNF:1
FNH:0
FNDA:0,Footer
DA:5,0
LF:1
LH:0
BRF:0
BRH:0
end_of_record
TN:
SF:src\components\Glossary.jsx
FN:11,Glossary
FN:15,(anonymous_1)
FN:19,(anonymous_2)
FN:23,(anonymous_3)
FN:64,(anonymous_4)
FNF:5
FNH:0
FNDA:0,Glossary
FNDA:0,(anonymous_1)
FNDA:0,(anonymous_2)
FNDA:0,(anonymous_3)
FNDA:0,(anonymous_4)
DA:12,0
DA:13,0
DA:15,0
DA:16,0
DA:19,0
DA:20,0
DA:21,0
DA:22,0
DA:24,0
DA:29,0
DA:65,0
LF:11
LH:0
BRDA:21,0,0,0
BRDA:21,0,1,0
BRDA:24,1,0,0
BRDA:24,1,1,0
BRDA:61,2,0,0
BRDA:61,2,1,0
BRDA:63,3,0,0
BRDA:63,3,1,0
BRF:8
BRH:0
end_of_record
TN:
SF:src\components\GoogleTranslate.jsx
FN:10,GoogleTranslateInit
FN:11,(anonymous_1)
FN:13,(anonymous_2)
FN:28,(anonymous_3)
FN:29,(anonymous_4)
FN:35,(anonymous_5)
FN:50,(anonymous_6)
FNF:7
FNH:0
FNDA:0,GoogleTranslateInit
FNDA:0,(anonymous_1)
FNDA:0,(anonymous_2)
FNDA:0,(anonymous_3)
FNDA:0,(anonymous_4)
FNDA:0,(anonymous_5)
FNDA:0,(anonymous_6)
DA:11,0
DA:13,0
DA:14,0
DA:15,0
DA:28,0
DA:29,0
DA:30,0
DA:31,0
DA:32,0
DA:33,0
DA:34,0
DA:35,0
DA:38,0
DA:42,0
DA:43,0
DA:44,0
DA:45,0
DA:46,0
DA:47,0
DA:50,0
DA:51,0
DA:52,0
DA:56,0
LF:23
LH:0
BRDA:14,0,0,0
BRDA:14,0,1,0
BRDA:29,1,0,0
BRDA:31,2,0,0
BRDA:31,2,1,0
BRDA:34,3,0,0
BRDA:34,3,1,0
BRDA:42,4,0,0
BRDA:42,4,1,0
BRF:9
BRH:0
end_of_record
TN:
SF:src\components\HelpButton.jsx
FN:14,HelpOption
FN:19,(anonymous_1)
FN:44,HelpButton
FN:49,(anonymous_3)
FN:50,(anonymous_4)
FN:55,(anonymous_5)
FN:60,(anonymous_6)
FN:66,(anonymous_7)
FN:71,(anonymous_8)
FN:72,(anonymous_9)
FN:91,(anonymous_10)
FNF:11
FNH:0
FNDA:0,HelpOption
FNDA:0,(anonymous_1)
FNDA:0,HelpButton
FNDA:0,(anonymous_3)
FNDA:0,(anonymous_4)
FNDA:0,(anonymous_5)
FNDA:0,(anonymous_6)
FNDA:0,(anonymous_7)
FNDA:0,(anonymous_8)
FNDA:0,(anonymous_9)
FNDA:0,(anonymous_10)
DA:4,0
DA:14,0
DA:15,0
DA:19,0
DA:30,0
DA:31,0
DA:45,0
DA:46,0
DA:49,0
DA:50,0
DA:51,0
DA:52,0
DA:55,0
DA:56,0
DA:58,0
DA:59,0
DA:60,0
DA:61,0
DA:62,0
DA:66,0
DA:67,0
DA:68,0
DA:71,0
DA:72,0
DA:75,0
DA:92,0
LF:26
LH:0
BRDA:51,0,0,0
BRDA:51,0,1,0
BRDA:51,1,0,0
BRDA:51,1,1,0
BRDA:56,2,0,0
BRDA:56,2,1,0
BRDA:82,3,0,0
BRDA:82,3,1,0
BRDA:99,4,0,0
BRDA:99,4,1,0
BRDA:100,5,0,0
BRDA:100,5,1,0
BRDA:105,6,0,0
BRDA:105,6,1,0
BRDA:106,7,0,0
BRDA:106,7,1,0
BRF:16
BRH:0
end_of_record
TN:
SF:src\components\Hero.jsx
FN:4,Particle
FN:22,Hero
FN:25,(anonymous_2)
FN:39,(anonymous_3)
FNF:4
FNH:0
FNDA:0,Particle
FNDA:0,Hero
FNDA:0,(anonymous_2)
FNDA:0,(anonymous_3)
DA:4,0
DA:5,0
DA:19,0
DA:24,0
DA:25,0
DA:34,0
DA:40,0
LF:7
LH:0
BRF:0
BRH:0
end_of_record
TN:
SF:src\components\HowItWorks.jsx
FN:6,StepCard
FN:26,HowItWorks
FN:40,(anonymous_2)
FNF:3
FNH:0
FNDA:0,StepCard
FNDA:0,HowItWorks
FNDA:0,(anonymous_2)
DA:6,0
DA:7,0
DA:17,0
DA:18,0
DA:27,0
DA:41,0
LF:6
LH:0
BRF:0
BRH:0
end_of_record
TN:
SF:src\components\LoadingSpinner.jsx
FN:7,LoadingSpinner
FNF:1
FNH:0
FNDA:0,LoadingSpinner
DA:8,0
LF:1
LH:0
BRDA:7,0,0,0
BRF:1
BRH:0
end_of_record
TN:
SF:src\components\Navbar.jsx
FN:11,GlobeIcon
FN:34,ChevronDownIcon
FN:54,LanguageSwitcher
FN:58,(anonymous_3)
FN:60,(anonymous_4)
FN:74,(anonymous_5)
FN:75,(anonymous_6)
FN:78,(anonymous_7)
FN:110,(anonymous_8)
FN:117,(anonymous_9)
FN:137,NavLink
FN:166,Navbar
FN:170,(anonymous_12)
FN:171,(anonymous_13)
FN:171,(anonymous_14)
FN:199,(anonymous_15)
FNF:16
FNH:0
FNDA:0,GlobeIcon
FNDA:0,ChevronDownIcon
FNDA:0,LanguageSwitcher
FNDA:0,(anonymous_3)
FNDA:0,(anonymous_4)
FNDA:0,(anonymous_5)
FNDA:0,(anonymous_6)
FNDA:0,(anonymous_7)
FNDA:0,(anonymous_8)
FNDA:0,(anonymous_9)
FNDA:0,NavLink
FNDA:0,Navbar
FNDA:0,(anonymous_12)
FNDA:0,(anonymous_13)
FNDA:0,(anonymous_14)
FNDA:0,(anonymous_15)
DA:11,0
DA:12,0
DA:31,0
DA:34,0
DA:35,0
DA:46,0
DA:55,0
DA:56,0
DA:58,0
DA:60,0
DA:61,0
DA:62,0
DA:63,0
DA:65,0
DA:67,0
DA:68,0
DA:70,0
DA:74,0
DA:75,0
DA:78,0
DA:79,0
DA:82,0
DA:111,0
DA:117,0
DA:137,0
DA:138,0
DA:153,0
DA:154,0
DA:167,0
DA:168,0
DA:170,0
DA:171,0
DA:173,0
DA:200,0
LF:34
LH:0
BRDA:58,0,0,0
BRDA:58,0,1,0
BRDA:65,1,0,0
BRDA:65,1,1,0
BRDA:68,2,0,0
BRDA:68,2,1,0
BRDA:79,3,0,0
BRDA:79,3,1,0
BRDA:86,4,0,0
BRDA:86,4,1,0
BRDA:99,5,0,0
BRDA:99,5,1,0
BRDA:114,6,0,0
BRDA:114,6,1,0
BRDA:121,7,0,0
BRDA:121,7,1,0
BRDA:143,8,0,0
BRDA:143,8,1,0
BRDA:144,9,0,0
BRDA:144,9,1,0
BRDA:191,10,0,0
BRDA:191,10,1,0
BRDA:195,11,0,0
BRDA:195,11,1,0
BRF:24
BRH:0
end_of_record
TN:
SF:src\components\PollMap.jsx
FN:13,getWeatherInfo
FN:20,WeatherCard
FN:68,StationItem
FN:72,(anonymous_3)
FN:108,StationList
FN:112,(anonymous_5)
FN:135,TripCard
FN:183,MapPlaceholder
FN:210,PollMap
FN:224,(anonymous_9)
FN:229,(anonymous_10)
FN:233,(anonymous_11)
FN:241,(anonymous_12)
FN:250,(anonymous_13)
FN:270,(anonymous_14)
FN:291,(anonymous_15)
FN:316,(anonymous_16)
FN:327,(anonymous_17)
FN:331,(anonymous_18)
FN:339,(anonymous_19)
FN:349,(anonymous_20)
FN:359,(anonymous_21)
FNF:22
FNH:0
FNDA:0,getWeatherInfo
FNDA:0,WeatherCard
FNDA:0,StationItem
FNDA:0,(anonymous_3)
FNDA:0,StationList
FNDA:0,(anonymous_5)
FNDA:0,TripCard
FNDA:0,MapPlaceholder
FNDA:0,PollMap
FNDA:0,(anonymous_9)
FNDA:0,(anonymous_10)
FNDA:0,(anonymous_11)
FNDA:0,(anonymous_12)
FNDA:0,(anonymous_13)
FNDA:0,(anonymous_14)
FNDA:0,(anonymous_15)
FNDA:0,(anonymous_16)
FNDA:0,(anonymous_17)
FNDA:0,(anonymous_18)
FNDA:0,(anonymous_19)
FNDA:0,(anonymous_20)
FNDA:0,(anonymous_21)
DA:14,0
DA:20,0
DA:21,0
DA:22,0
DA:25,0
DA:27,0
DA:51,0
DA:60,0
DA:68,0
DA:69,0
DA:72,0
DA:92,0
DA:108,0
DA:109,0
DA:113,0
DA:124,0
DA:130,0
DA:135,0
DA:136,0
DA:170,0
DA:183,0
DA:184,0
DA:201,0
DA:205,0
DA:211,0
DA:213,0
DA:214,0
DA:215,0
DA:216,0
DA:218,0
DA:219,0
DA:220,0
DA:221,0
DA:224,0
DA:225,0
DA:227,0
DA:231,0
DA:233,0
DA:235,0
DA:236,0
DA:237,0
DA:241,0
DA:242,0
DA:244,0
DA:250,0
DA:251,0
DA:252,0
DA:262,0
DA:266,0
DA:270,0
DA:271,0
DA:274,0
DA:288,0
DA:291,0
DA:292,0
DA:307,0
DA:316,0
DA:317,0
DA:318,0
DA:321,0
DA:327,0
DA:328,0
DA:330,0
DA:331,0
DA:332,0
DA:333,0
DA:340,0
DA:341,0
DA:349,0
DA:350,0
DA:351,0
DA:352,0
DA:353,0
DA:358,0
DA:359,0
DA:363,0
LF:76
LH:0
BRDA:14,0,0,0
BRDA:14,0,1,0
BRDA:21,1,0,0
BRDA:21,1,1,0
BRDA:36,2,0,0
BRDA:36,2,1,0
BRDA:71,3,0,0
BRDA:71,3,1,0
BRDA:192,4,0,0
BRDA:192,4,1,0
BRDA:225,5,0,0
BRDA:225,5,1,0
BRDA:237,6,0,0
BRDA:237,6,1,0
BRDA:242,7,0,0
BRDA:242,7,1,0
BRDA:242,8,0,0
BRDA:242,8,1,0
BRDA:242,8,2,0
BRDA:251,9,0,0
BRDA:251,9,1,0
BRDA:299,10,0,0
BRDA:299,10,1,0
BRDA:328,11,0,0
BRDA:328,11,1,0
BRDA:328,12,0,0
BRDA:328,12,1,0
BRDA:328,12,2,0
BRDA:328,12,3,0
BRDA:340,13,0,0
BRDA:340,13,1,0
BRDA:351,14,0,0
BRDA:351,14,1,0
BRDA:359,15,0,0
BRDA:359,15,1,0
BRDA:376,16,0,0
BRDA:376,16,1,0
BRDA:392,17,0,0
BRDA:392,17,1,0
BRDA:402,18,0,0
BRDA:402,18,1,0
BRDA:412,19,0,0
BRDA:412,19,1,0
BRDA:424,20,0,0
BRDA:424,20,1,0
BRDA:433,21,0,0
BRDA:433,21,1,0
BRDA:437,22,0,0
BRDA:437,22,1,0
BRDA:447,23,0,0
BRDA:447,23,1,0
BRDA:451,24,0,0
BRDA:451,24,1,0
BRF:53
BRH:0
end_of_record
TN:
SF:src\components\Quiz.jsx
FN:28,Leaderboard
FN:32,(anonymous_1)
FN:43,(anonymous_2)
FN:44,(anonymous_3)
FN:47,(anonymous_4)
FN:61,(anonymous_5)
FN:85,SaveScoreModal
FN:91,(anonymous_7)
FN:95,(anonymous_8)
FN:179,QuizOption
FN:225,QuizQuestion
FN:233,(anonymous_11)
FN:237,(anonymous_12)
FN:240,(anonymous_13)
FN:263,(anonymous_14)
FN:272,(anonymous_15)
FN:310,QuizScore
FN:341,(anonymous_17)
FN:368,Quiz
FN:375,(anonymous_19)
FN:378,(anonymous_20)
FN:383,(anonymous_21)
FN:386,(anonymous_22)
FN:392,(anonymous_23)
FN:423,(anonymous_24)
FNF:25
FNH:0
FNDA:0,Leaderboard
FNDA:0,(anonymous_1)
FNDA:0,(anonymous_2)
FNDA:0,(anonymous_3)
FNDA:0,(anonymous_4)
FNDA:0,(anonymous_5)
FNDA:0,SaveScoreModal
FNDA:0,(anonymous_7)
FNDA:0,(anonymous_8)
FNDA:0,QuizOption
FNDA:0,QuizQuestion
FNDA:0,(anonymous_11)
FNDA:0,(anonymous_12)
FNDA:0,(anonymous_13)
FNDA:0,(anonymous_14)
FNDA:0,(anonymous_15)
FNDA:0,QuizScore
FNDA:0,(anonymous_17)
FNDA:0,Quiz
FNDA:0,(anonymous_19)
FNDA:0,(anonymous_20)
FNDA:0,(anonymous_21)
FNDA:0,(anonymous_22)
FNDA:0,(anonymous_23)
FNDA:0,(anonymous_24)
DA:25,0
DA:29,0
DA:30,0
DA:32,0
DA:33,0
DA:34,0
DA:35,0
DA:37,0
DA:42,0
DA:44,0
DA:45,0
DA:47,0
DA:50,0
DA:52,0
DA:62,0
DA:86,0
DA:87,0
DA:88,0
DA:89,0
DA:91,0
DA:92,0
DA:95,0
DA:96,0
DA:97,0
DA:98,0
DA:99,0
DA:100,0
DA:106,0
DA:108,0
DA:110,0
DA:114,0
DA:116,0
DA:170,0
DA:179,0
DA:188,0
DA:196,0
DA:211,0
DA:212,0
DA:226,0
DA:227,0
DA:228,0
DA:230,0
DA:231,0
DA:233,0
DA:234,0
DA:235,0
DA:236,0
DA:237,0
DA:240,0
DA:242,0
DA:264,0
DA:272,0
DA:302,0
DA:311,0
DA:313,0
DA:314,0
DA:316,0
DA:322,0
DA:328,0
DA:341,0
DA:359,0
DA:369,0
DA:370,0
DA:371,0
DA:373,0
DA:375,0
DA:376,0
DA:378,0
DA:379,0
DA:380,0
DA:382,0
DA:383,0
DA:386,0
DA:387,0
DA:388,0
DA:389,0
DA:392,0
DA:393,0
DA:394,0
DA:395,0
DA:398,0
DA:424,0
LF:82
LH:0
BRDA:33,0,0,0
BRDA:33,0,1,0
BRDA:50,1,0,0
BRDA:50,1,1,0
BRDA:55,2,0,0
BRDA:55,2,1,0
BRDA:57,3,0,0
BRDA:57,3,1,0
BRDA:64,4,0,0
BRDA:64,4,1,0
BRDA:70,5,0,0
BRDA:70,5,1,0
BRDA:96,6,0,0
BRDA:96,6,1,0
BRDA:101,7,0,0
BRDA:101,7,1,0
BRDA:114,8,0,0
BRDA:114,8,1,0
BRDA:118,9,0,0
BRDA:118,9,1,0
BRDA:145,10,0,0
BRDA:145,10,1,0
BRDA:158,11,0,0
BRDA:158,11,1,0
BRDA:188,12,0,0
BRDA:188,12,1,0
BRDA:189,13,0,0
BRDA:189,13,1,0
BRDA:191,14,0,0
BRDA:191,14,1,0
BRDA:234,15,0,0
BRDA:234,15,1,0
BRDA:269,16,0,0
BRDA:269,16,1,0
BRDA:270,17,0,0
BRDA:270,17,1,0
BRDA:270,17,2,0
BRDA:277,18,0,0
BRDA:277,18,1,0
BRDA:279,19,0,0
BRDA:279,19,1,0
BRDA:284,20,0,0
BRDA:284,20,1,0
BRDA:288,21,0,0
BRDA:288,21,1,0
BRDA:295,22,0,0
BRDA:295,22,1,0
BRDA:316,23,0,0
BRDA:316,23,1,0
BRDA:318,24,0,0
BRDA:318,24,1,0
BRDA:322,25,0,0
BRDA:322,25,1,0
BRDA:324,26,0,0
BRDA:324,26,1,0
BRDA:337,27,0,0
BRDA:337,27,1,0
BRDA:337,27,2,0
BRDA:376,28,0,0
BRDA:376,28,1,0
BRDA:383,29,0,0
BRDA:383,29,1,0
BRDA:393,30,0,0
BRDA:393,30,1,0
BRDA:394,31,0,0
BRDA:394,31,1,0
BRDA:407,32,0,0
BRDA:407,32,1,0
BRDA:413,33,0,0
BRDA:413,33,1,0
BRDA:433,34,0,0
BRDA:433,34,1,0
BRF:72
BRH:0
end_of_record
TN:
SF:src\components\Stats.jsx
FN:11,StatItem
FN:23,Stats
FN:24,(anonymous_2)
FN:28,(anonymous_3)
FNF:4
FNH:0
FNDA:0,StatItem
FNDA:0,Stats
FNDA:0,(anonymous_2)
FNDA:0,(anonymous_3)
DA:3,0
DA:11,0
DA:12,0
DA:20,0
DA:24,0
DA:26,0
DA:29,0
LF:7
LH:0
BRF:0
BRH:0
end_of_record
TN:
SF:src\components\Tests.jsx
FN:4,CatCard
FN:7,(anonymous_1)
FN:11,(anonymous_2)
FN:20,(anonymous_3)
FN:39,Tests
FN:81,(anonymous_5)
FN:98,(anonymous_6)
FNF:7
FNH:0
FNDA:0,CatCard
FNDA:0,(anonymous_1)
FNDA:0,(anonymous_2)
FNDA:0,(anonymous_3)
FNDA:0,Tests
FNDA:0,(anonymous_5)
FNDA:0,(anonymous_6)
DA:5,0
DA:7,0
DA:8,0
DA:9,0
DA:10,0
DA:12,0
DA:13,0
DA:14,0
DA:19,0
DA:20,0
DA:23,0
DA:40,0
DA:82,0
DA:99,0
LF:14
LH:0
BRDA:9,0,0,0
BRDA:9,0,1,0
BRDA:12,1,0,0
BRDA:12,1,1,0
BRF:4
BRH:0
end_of_record
TN:
SF:src\components\Timeline.jsx
FN:6,TimelineItem
FN:7,(anonymous_1)
FN:29,(anonymous_2)
FN:55,PhasePanel
FN:70,(anonymous_4)
FN:90,Timeline
FN:94,(anonymous_6)
FN:120,(anonymous_7)
FNF:8
FNH:0
FNDA:0,TimelineItem
FNDA:0,(anonymous_1)
FNDA:0,(anonymous_2)
FNDA:0,PhasePanel
FNDA:0,(anonymous_4)
FNDA:0,Timeline
FNDA:0,(anonymous_6)
FNDA:0,(anonymous_7)
DA:6,0
DA:7,0
DA:8,0
DA:9,0
DA:10,0
DA:12,0
DA:13,0
DA:14,0
DA:16,0
DA:17,0
DA:18,0
DA:22,0
DA:29,0
DA:43,0
DA:44,0
DA:55,0
DA:56,0
DA:71,0
DA:78,0
DA:79,0
DA:91,0
DA:92,0
DA:94,0
DA:95,0
DA:96,0
DA:99,0
DA:101,0
DA:121,0
LF:28
LH:0
BRDA:8,0,0,0
BRDA:8,0,1,0
BRDA:8,1,0,0
BRDA:8,1,1,0
BRDA:12,2,0,0
BRDA:12,2,1,0
BRDA:16,3,0,0
BRDA:16,3,1,0
BRDA:24,4,0,0
BRDA:24,4,1,0
BRF:10
BRH:0
end_of_record
TN:
SF:src\constants\index.js
FN:18,(anonymous_0)
FNF:1
FNH:0
FNDA:0,(anonymous_0)
DA:2,0
DA:3,0
DA:5,0
DA:6,0
DA:9,0
DA:18,0
DA:21,0
DA:35,0
DA:37,0
DA:39,0
DA:47,0
DA:57,0
DA:82,0
DA:83,0
DA:85,0
DA:91,0
DA:98,0
DA:99,0
DA:102,0
DA:103,0
DA:104,0
DA:105,0
DA:108,0
DA:114,0
LF:24
LH:0
BRDA:35,0,0,0
BRDA:35,0,1,0
BRDA:37,1,0,0
BRDA:37,1,1,0
BRF:4
BRH:0
end_of_record
TN:
SF:src\data\content.js
FNF:0
FNH:0
DA:1,0
DA:19,0
DA:32,0
DA:41,0
LF:4
LH:0
BRF:0
BRH:0
end_of_record
TN:
SF:src\data\phases.js
FNF:0
FNH:0
DA:1,0
LF:1
LH:0
BRF:0
BRH:0
end_of_record
TN:
SF:src\data\questions.js
FNF:0
FNH:0
DA:1,0
LF:1
LH:0
BRF:0
BRH:0
end_of_record
TN:
SF:src\hooks\useActiveSection.js
FN:10,useActiveSection
FN:13,(anonymous_1)
FN:15,(anonymous_2)
FN:16,(anonymous_3)
FN:25,(anonymous_4)
FN:33,(anonymous_5)
FN:35,(anonymous_6)
FNF:7
FNH:0
FNDA:0,useActiveSection
FNDA:0,(anonymous_1)
FNDA:0,(anonymous_2)
FNDA:0,(anonymous_3)
FNDA:0,(anonymous_4)
FNDA:0,(anonymous_5)
FNDA:0,(anonymous_6)
DA:11,0
DA:13,0
DA:14,0
DA:16,0
DA:17,0
DA:18,0
DA:25,0
DA:26,0
DA:27,0
DA:30,0
DA:33,0
DA:34,0
DA:35,0
DA:38,0
LF:14
LH:0
BRDA:17,0,0,0
BRDA:17,0,1,0
BRDA:27,1,0,0
BRDA:27,1,1,0
BRF:4
BRH:0
end_of_record
TN:
SF:src\hooks\useDebounce.js
FN:11,useDebounce
FN:15,(anonymous_1)
FN:16,(anonymous_2)
FN:20,(anonymous_3)
FNF:4
FNH:0
FNDA:0,useDebounce
FNDA:0,(anonymous_1)
FNDA:0,(anonymous_2)
FNDA:0,(anonymous_3)
DA:12,0
DA:13,0
DA:15,0
DA:16,0
DA:17,0
DA:20,0
DA:21,0
DA:25,0
LF:8
LH:0
BRF:0
BRH:0
end_of_record
TN:
SF:src\hooks\useFetch.js
FN:9,useFetch
FN:14,(anonymous_1)
FNF:2
FNH:0
FNDA:0,useFetch
FNDA:0,(anonymous_1)
DA:10,0
DA:11,0
DA:12,0
DA:14,0
DA:15,0
DA:17,0
DA:18,0
DA:19,0
DA:20,0
DA:21,0
DA:22,0
DA:28,0
DA:29,0
DA:31,0
DA:32,0
DA:33,0
DA:34,0
DA:36,0
DA:37,0
DA:38,0
DA:39,0
DA:44,0
DA:46,0
DA:50,0
LF:24
LH:0
BRDA:14,0,0,0
BRDA:15,1,0,0
BRDA:15,1,1,0
BRDA:19,2,0,0
BRDA:19,2,1,0
BRDA:33,3,0,0
BRDA:33,3,1,0
BRDA:44,4,0,0
BRDA:44,4,1,0
BRF:9
BRH:0
end_of_record
TN:
SF:src\hooks\useGeolocation.js
FN:11,useGeolocation
FN:15,(anonymous_1)
FN:22,(anonymous_2)
FN:27,(anonymous_3)
FN:32,(anonymous_4)
FN:33,(anonymous_5)
FNF:6
FNH:0
FNDA:0,useGeolocation
FNDA:0,(anonymous_1)
FNDA:0,(anonymous_2)
FNDA:0,(anonymous_3)
FNDA:0,(anonymous_4)
FNDA:0,(anonymous_5)
DA:12,0
DA:13,0
DA:15,0
DA:16,0
DA:17,0
DA:18,0
DA:20,0
DA:21,0
DA:23,0
DA:24,0
DA:25,0
DA:27,0
DA:32,0
DA:33,0
DA:34,0
DA:35,0
DA:39,0
LF:17
LH:0
BRDA:16,0,0,0
BRDA:16,0,1,0
BRF:2
BRH:0
end_of_record
TN:
SF:src\hooks\useLocalStorage.js
FN:11,useLocalStorage
FN:12,(anonymous_1)
FN:21,(anonymous_2)
FNF:3
FNH:0
FNDA:0,useLocalStorage
FNDA:0,(anonymous_1)
FNDA:0,(anonymous_2)
DA:12,0
DA:13,0
DA:14,0
DA:15,0
DA:17,0
DA:21,0
DA:22,0
DA:23,0
DA:29,0
LF:9
LH:0
BRDA:15,0,0,0
BRDA:15,0,1,0
BRF:2
BRH:0
end_of_record
TN:
SF:src\hooks\useScrollReveal.js
FN:10,useScrollReveal
FN:13,(anonymous_1)
FN:16,(anonymous_2)
FN:17,(anonymous_3)
FN:26,(anonymous_4)
FN:29,(anonymous_5)
FN:31,(anonymous_6)
FNF:7
FNH:0
FNDA:0,useScrollReveal
FNDA:0,(anonymous_1)
FNDA:0,(anonymous_2)
FNDA:0,(anonymous_3)
FNDA:0,(anonymous_4)
FNDA:0,(anonymous_5)
FNDA:0,(anonymous_6)
DA:11,0
DA:13,0
DA:14,0
DA:15,0
DA:17,0
DA:18,0
DA:19,0
DA:20,0
DA:26,0
DA:29,0
DA:30,0
DA:31,0
DA:32,0
LF:13
LH:0
BRDA:10,0,0,0
BRDA:18,1,0,0
BRDA:18,1,1,0
BRF:3
BRH:0
end_of_record
TN:
SF:src\services\geocodeService.js
FN:12,reverseGeocode
FNF:1
FNH:0
FNDA:0,reverseGeocode
DA:13,0
DA:14,0
DA:15,0
DA:16,0
DA:18,0
DA:21,0
DA:22,0
DA:24,0
DA:25,0
DA:26,0
LF:10
LH:0
BRDA:21,0,0,0
BRDA:21,0,1,0
BRDA:26,1,0,0
BRDA:26,1,1,0
BRDA:26,1,2,0
BRDA:26,1,3,0
BRDA:26,1,4,0
BRF:7
BRH:0
end_of_record
TN:
SF:src\services\pollingStationsService.js
FN:20,buildPollingStations
FN:23,(anonymous_1)
FN:38,(anonymous_2)
FNF:3
FNH:0
FNDA:0,buildPollingStations
FNDA:0,(anonymous_1)
FNDA:0,(anonymous_2)
DA:21,0
DA:23,0
DA:24,0
DA:25,0
DA:26,0
DA:28,0
DA:38,0
LF:7
LH:0
BRF:0
BRH:0
end_of_record
TN:
SF:src\services\weatherService.js
FN:12,fetchWeather
FNF:1
FNH:0
FNDA:0,fetchWeather
DA:13,0
DA:14,0
DA:15,0
DA:16,0
DA:17,0
DA:19,0
DA:20,0
DA:21,0
DA:23,0
DA:24,0
LF:10
LH:0
BRDA:20,0,0,0
BRDA:20,0,1,0
BRF:2
BRH:0
end_of_record
TN:
SF:src\utils\geo.js
FN:4,haversineKm
FN:6,(anonymous_1)
FN:21,estimateDriveMinutes
FN:30,estimateWalkMinutes
FN:38,formatDistance
FN:45,clamp
FNF:6
FNH:6
FNDA:4,haversineKm
FNDA:16,(anonymous_1)
FNDA:5,estimateDriveMinutes
FNDA:2,estimateWalkMinutes
FNDA:3,formatDistance
FNDA:5,clamp
DA:5,4
DA:6,16
DA:7,4
DA:8,4
DA:9,4
DA:10,4
DA:12,4
DA:14,4
DA:22,5
DA:23,5
DA:31,2
DA:32,2
DA:39,3
DA:46,5
LF:14
LH:14
BRF:0
BRH:0
end_of_record
TN:
SF:src\utils\sanitize.js
FN:9,sanitizeHtml
FN:19,sanitizeText
FN:29,sanitizeUrl
FN:46,sanitizeName
FNF:4
FNH:4
FNDA:6,sanitizeHtml
FNDA:4,sanitizeText
FNDA:7,sanitizeUrl
FNDA:7,sanitizeName
DA:10,6
DA:11,3
DA:20,4
DA:21,2
DA:30,7
DA:31,6
DA:32,6
DA:33,4
DA:34,1
DA:36,2
DA:47,7
DA:48,5
LF:12
LH:12
BRDA:10,0,0,3
BRDA:10,0,1,3
BRDA:20,1,0,2
BRDA:20,1,1,2
BRDA:30,2,0,1
BRDA:30,2,1,6
BRDA:33,3,0,3
BRDA:33,3,1,1
BRDA:47,4,0,2
BRDA:47,4,1,5
BRF:10
BRH:10
end_of_record
